{"C:\\Users\\user\\Documents\\claude-agents\\maqiu\\src\\app\\layout.tsx": {"path":"C:\\Users\\user\\Documents\\claude-agents\\maqiu\\src\\app\\layout.tsx","statementMap":{"0":{"start":{"line":9,"column":6},"end":{"line":9,"column":null}},"1":{"start":{"line":11,"column":34},"end":{"line":14,"column":null}},"2":{"start":{"line":21,"column":2},"end":{"line":28,"column":null}}},"fnMap":{"0":{"name":"RootLayout","decl":{"start":{"line":16,"column":24},"end":{"line":16,"column":35}},"loc":{"start":{"line":20,"column":3},"end":{"line":30,"column":null}},"line":20}},"branchMap":{},"s":{"0":0,"1":0,"2":0},"f":{"0":0},"b":{},"meta":{"lastBranch":0,"lastFunction":1,"lastStatement":3,"seen":{"s:9:6:9:Infinity":0,"s:11:34:14:Infinity":1,"f:16:24:16:35":0,"s:21:2:28:Infinity":2}}}
,"C:\\Users\\user\\Documents\\claude-agents\\maqiu\\src\\app\\page.tsx": {"path":"C:\\Users\\user\\Documents\\claude-agents\\maqiu\\src\\app\\page.tsx","statementMap":{"0":{"start":{"line":11,"column":16},"end":{"line":30,"column":null}},"1":{"start":{"line":33,"column":2},"end":{"line":51,"column":null}},"2":{"start":{"line":38,"column":10},"end":{"line":48,"column":null}}},"fnMap":{"0":{"name":"Home","decl":{"start":{"line":32,"column":24},"end":{"line":32,"column":31}},"loc":{"start":{"line":32,"column":31},"end":{"line":53,"column":null}},"line":32},"1":{"name":"(anonymous_1)","decl":{"start":{"line":37,"column":17},"end":{"line":37,"column":22}},"loc":{"start":{"line":38,"column":10},"end":{"line":48,"column":null}},"line":38}},"branchMap":{},"s":{"0":0,"1":0,"2":0},"f":{"0":0,"1":0},"b":{},"meta":{"lastBranch":0,"lastFunction":2,"lastStatement":3,"seen":{"s:11:16:30:Infinity":0,"f:32:24:32:31":0,"s:33:2:51:Infinity":1,"f:37:17:37:22":1,"s:38:10:48:Infinity":2}}}
,"C:\\Users\\user\\Documents\\claude-agents\\maqiu\\src\\app\\exam\\page.tsx": {"path":"C:\\Users\\user\\Documents\\claude-agents\\maqiu\\src\\app\\exam\\page.tsx","statementMap":{"0":{"start":{"line":1,"column":0},"end":{"line":1,"column":null}},"1":{"start":{"line":27,"column":16},"end":{"line":27,"column":null}},"2":{"start":{"line":28,"column":21},"end":{"line":28,"column":null}},"3":{"start":{"line":29,"column":20},"end":{"line":29,"column":null}},"4":{"start":{"line":30,"column":28},"end":{"line":30,"column":null}},"5":{"start":{"line":31,"column":23},"end":{"line":33,"column":null}},"6":{"start":{"line":35,"column":2},"end":{"line":37,"column":null}},"7":{"start":{"line":36,"column":4},"end":{"line":36,"column":null}},"8":{"start":{"line":40,"column":21},"end":{"line":40,"column":null}},"9":{"start":{"line":41,"column":4},"end":{"line":41,"column":null}},"10":{"start":{"line":42,"column":4},"end":{"line":48,"column":null}},"11":{"start":{"line":43,"column":74},"end":{"line":47,"column":8}},"12":{"start":{"line":52,"column":4},"end":{"line":52,"column":null}},"13":{"start":{"line":53,"column":4},"end":{"line":53,"column":null}},"14":{"start":{"line":53,"column":61},"end":{"line":53,"column":null}},"15":{"start":{"line":54,"column":4},"end":{"line":57,"column":null}},"16":{"start":{"line":58,"column":4},"end":{"line":58,"column":null}},"17":{"start":{"line":59,"column":4},"end":{"line":59,"column":null}},"18":{"start":{"line":60,"column":4},"end":{"line":60,"column":null}},"19":{"start":{"line":61,"column":4},"end":{"line":61,"column":null}},"20":{"start":{"line":65,"column":4},"end":{"line":67,"column":null}},"21":{"start":{"line":66,"column":6},"end":{"line":66,"column":null}},"22":{"start":{"line":66,"column":45},"end":{"line":66,"column":53}},"23":{"start":{"line":70,"column":2},"end":{"line":160,"column":null}},"24":{"start":{"line":78,"column":33},"end":{"line":78,"column":null}},"25":{"start":{"line":98,"column":35},"end":{"line":98,"column":null}},"26":{"start":{"line":109,"column":20},"end":{"line":120,"column":null}},"27":{"start":{"line":116,"column":40},"end":{"line":116,"column":null}},"28":{"start":{"line":145,"column":12},"end":{"line":156,"column":null}}},"fnMap":{"0":{"name":"ExamPage","decl":{"start":{"line":26,"column":24},"end":{"line":26,"column":35}},"loc":{"start":{"line":26,"column":35},"end":{"line":162,"column":null}},"line":26},"1":{"name":"(anonymous_1)","decl":{"start":{"line":35,"column":2},"end":{"line":35,"column":18}},"loc":{"start":{"line":35,"column":18},"end":{"line":37,"column":5}},"line":35},"2":{"name":"loadData","decl":{"start":{"line":39,"column":17},"end":{"line":39,"column":28}},"loc":{"start":{"line":39,"column":28},"end":{"line":49,"column":null}},"line":39},"3":{"name":"(anonymous_3)","decl":{"start":{"line":43,"column":62},"end":{"line":43,"column":67}},"loc":{"start":{"line":43,"column":74},"end":{"line":47,"column":8}},"line":43},"4":{"name":"handleCreate","decl":{"start":{"line":51,"column":17},"end":{"line":51,"column":30}},"loc":{"start":{"line":51,"column":50},"end":{"line":62,"column":null}},"line":51},"5":{"name":"toggleQuestion","decl":{"start":{"line":64,"column":11},"end":{"line":64,"column":26}},"loc":{"start":{"line":64,"column":38},"end":{"line":68,"column":null}},"line":64},"6":{"name":"(anonymous_6)","decl":{"start":{"line":65,"column":4},"end":{"line":65,"column":26}},"loc":{"start":{"line":66,"column":6},"end":{"line":66,"column":null}},"line":66},"7":{"name":"(anonymous_7)","decl":{"start":{"line":66,"column":31},"end":{"line":66,"column":39}},"loc":{"start":{"line":66,"column":45},"end":{"line":66,"column":53}},"line":66},"8":{"name":"(anonymous_8)","decl":{"start":{"line":78,"column":18},"end":{"line":78,"column":33}},"loc":{"start":{"line":78,"column":33},"end":{"line":78,"column":null}},"line":78},"9":{"name":"(anonymous_9)","decl":{"start":{"line":98,"column":18},"end":{"line":98,"column":29}},"loc":{"start":{"line":98,"column":35},"end":{"line":98,"column":null}},"line":98},"10":{"name":"(anonymous_10)","decl":{"start":{"line":108,"column":32},"end":{"line":108,"column":37}},"loc":{"start":{"line":109,"column":20},"end":{"line":120,"column":null}},"line":109},"11":{"name":"(anonymous_11)","decl":{"start":{"line":116,"column":24},"end":{"line":116,"column":40}},"loc":{"start":{"line":116,"column":40},"end":{"line":116,"column":null}},"line":116},"12":{"name":"(anonymous_12)","decl":{"start":{"line":144,"column":17},"end":{"line":144,"column":22}},"loc":{"start":{"line":145,"column":12},"end":{"line":156,"column":null}},"line":145}},"branchMap":{"0":{"loc":{"start":{"line":53,"column":4},"end":{"line":53,"column":null}},"type":"if","locations":[{"start":{"line":53,"column":4},"end":{"line":53,"column":null}},{"start":{},"end":{}}],"line":53},"1":{"loc":{"start":{"line":53,"column":8},"end":{"line":53,"column":61}},"type":"binary-expr","locations":[{"start":{"line":53,"column":8},"end":{"line":53,"column":29}},{"start":{"line":53,"column":29},"end":{"line":53,"column":61}}],"line":53},"2":{"loc":{"start":{"line":66,"column":6},"end":{"line":66,"column":null}},"type":"cond-expr","locations":[{"start":{"line":66,"column":26},"end":{"line":66,"column":57}},{"start":{"line":66,"column":57},"end":{"line":66,"column":null}}],"line":66},"3":{"loc":{"start":{"line":79,"column":13},"end":{"line":79,"column":null}},"type":"cond-expr","locations":[{"start":{"line":79,"column":13},"end":{"line":79,"column":55}},{"start":{"line":79,"column":51},"end":{"line":79,"column":null}}],"line":79},"4":{"loc":{"start":{"line":84,"column":7},"end":{"line":137,"column":null}},"type":"binary-expr","locations":[{"start":{"line":84,"column":7},"end":{"line":84,"column":null}},{"start":{"line":85,"column":8},"end":{"line":137,"column":null}}],"line":84},"5":{"loc":{"start":{"line":122,"column":19},"end":{"line":127,"column":null}},"type":"binary-expr","locations":[{"start":{"line":122,"column":19},"end":{"line":122,"column":null}},{"start":{"line":123,"column":20},"end":{"line":127,"column":null}}],"line":122},"6":{"loc":{"start":{"line":131,"column":26},"end":{"line":131,"column":null}},"type":"binary-expr","locations":[{"start":{"line":131,"column":26},"end":{"line":131,"column":47}},{"start":{"line":131,"column":47},"end":{"line":131,"column":null}}],"line":131},"7":{"loc":{"start":{"line":140,"column":7},"end":{"line":158,"column":null}},"type":"cond-expr","locations":[{"start":{"line":141,"column":8},"end":{"line":143,"column":9}},{"start":{"line":143,"column":8},"end":{"line":158,"column":null}}],"line":140},"8":{"loc":{"start":{"line":151,"column":21},"end":{"line":152,"column":null}},"type":"binary-expr","locations":[{"start":{"line":151,"column":21},"end":{"line":151,"column":null}},{"start":{"line":152,"column":22},"end":{"line":152,"column":null}}],"line":151},"9":{"loc":{"start":{"line":152,"column":65},"end":{"line":152,"column":null}},"type":"binary-expr","locations":[{"start":{"line":152,"column":65},"end":{"line":152,"column":82}},{"start":{"line":152,"column":82},"end":{"line":152,"column":null}}],"line":152}},"s":{"0":0,"1":0,"2":0,"3":0,"4":0,"5":0,"6":0,"7":0,"8":0,"9":0,"10":0,"11":0,"12":0,"13":0,"14":0,"15":0,"16":0,"17":0,"18":0,"19":0,"20":0,"21":0,"22":0,"23":0,"24":0,"25":0,"26":0,"27":0,"28":0},"f":{"0":0,"1":0,"2":0,"3":0,"4":0,"5":0,"6":0,"7":0,"8":0,"9":0,"10":0,"11":0,"12":0},"b":{"0":[0,0],"1":[0,0],"2":[0,0],"3":[0,0],"4":[0,0],"5":[0,0],"6":[0,0],"7":[0,0],"8":[0,0],"9":[0,0]},"meta":{"lastBranch":10,"lastFunction":13,"lastStatement":29,"seen":{"s:1:0:1:Infinity":0,"f:26:24:26:35":0,"s:27:16:27:Infinity":1,"s:28:21:28:Infinity":2,"s:29:20:29:Infinity":3,"s:30:28:30:Infinity":4,"s:31:23:33:Infinity":5,"s:35:2:37:Infinity":6,"f:35:2:35:18":1,"s:36:4:36:Infinity":7,"f:39:17:39:28":2,"s:40:21:40:Infinity":8,"s:41:4:41:Infinity":9,"s:42:4:48:Infinity":10,"f:43:62:43:67":3,"s:43:74:47:8":11,"f:51:17:51:30":4,"s:52:4:52:Infinity":12,"b:53:4:53:Infinity:undefined:undefined:undefined:undefined":0,"s:53:4:53:Infinity":13,"b:53:8:53:29:53:29:53:61":1,"s:53:61:53:Infinity":14,"s:54:4:57:Infinity":15,"s:58:4:58:Infinity":16,"s:59:4:59:Infinity":17,"s:60:4:60:Infinity":18,"s:61:4:61:Infinity":19,"f:64:11:64:26":5,"s:65:4:67:Infinity":20,"f:65:4:65:26":6,"s:66:6:66:Infinity":21,"b:66:26:66:57:66:57:66:Infinity":2,"f:66:31:66:39":7,"s:66:45:66:53":22,"s:70:2:160:Infinity":23,"f:78:18:78:33":8,"s:78:33:78:Infinity":24,"b:79:13:79:55:79:51:79:Infinity":3,"b:84:7:84:Infinity:85:8:137:Infinity":4,"f:98:18:98:29":9,"s:98:35:98:Infinity":25,"f:108:32:108:37":10,"s:109:20:120:Infinity":26,"f:116:24:116:40":11,"s:116:40:116:Infinity":27,"b:122:19:122:Infinity:123:20:127:Infinity":5,"b:131:26:131:47:131:47:131:Infinity":6,"b:141:8:143:9:143:8:158:Infinity":7,"f:144:17:144:22":12,"s:145:12:156:Infinity":28,"b:151:21:151:Infinity:152:22:152:Infinity":8,"b:152:65:152:82:152:82:152:Infinity":9}}}
,"C:\\Users\\user\\Documents\\claude-agents\\maqiu\\src\\app\\exam\\[id]\\page.tsx": {"path":"C:\\Users\\user\\Documents\\claude-agents\\maqiu\\src\\app\\exam\\[id]\\page.tsx","statementMap":{"0":{"start":{"line":1,"column":0},"end":{"line":1,"column":null}},"1":{"start":{"line":41,"column":8},"end":{"line":41,"column":null}},"2":{"start":{"line":42,"column":8},"end":{"line":42,"column":null}},"3":{"start":{"line":43,"column":17},"end":{"line":43,"column":null}},"4":{"start":{"line":45,"column":19},"end":{"line":45,"column":null}},"5":{"start":{"line":46,"column":18},"end":{"line":46,"column":null}},"6":{"start":{"line":47,"column":20},"end":{"line":47,"column":null}},"7":{"start":{"line":48,"column":19},"end":{"line":48,"column":null}},"8":{"start":{"line":49,"column":17},"end":{"line":52,"column":null}},"9":{"start":{"line":54,"column":2},"end":{"line":56,"column":null}},"10":{"start":{"line":55,"column":4},"end":{"line":55,"column":null}},"11":{"start":{"line":59,"column":18},"end":{"line":59,"column":null}},"12":{"start":{"line":60,"column":4},"end":{"line":60,"column":null}},"13":{"start":{"line":60,"column":15},"end":{"line":60,"column":null}},"14":{"start":{"line":61,"column":4},"end":{"line":61,"column":null}},"15":{"start":{"line":63,"column":4},"end":{"line":65,"column":null}},"16":{"start":{"line":64,"column":6},"end":{"line":64,"column":null}},"17":{"start":{"line":67,"column":40},"end":{"line":67,"column":null}},"18":{"start":{"line":68,"column":41},"end":{"line":68,"column":null}},"19":{"start":{"line":69,"column":4},"end":{"line":74,"column":null}},"20":{"start":{"line":70,"column":6},"end":{"line":73,"column":null}},"21":{"start":{"line":71,"column":8},"end":{"line":71,"column":null}},"22":{"start":{"line":72,"column":8},"end":{"line":72,"column":null}},"23":{"start":{"line":75,"column":4},"end":{"line":75,"column":null}},"24":{"start":{"line":76,"column":4},"end":{"line":76,"column":null}},"25":{"start":{"line":80,"column":23},"end":{"line":80,"column":null}},"26":{"start":{"line":81,"column":4},"end":{"line":81,"column":null}},"27":{"start":{"line":81,"column":29},"end":{"line":81,"column":null}},"28":{"start":{"line":82,"column":22},"end":{"line":82,"column":null}},"29":{"start":{"line":83,"column":4},"end":{"line":83,"column":null}},"30":{"start":{"line":83,"column":28},"end":{"line":83,"column":60}},"31":{"start":{"line":84,"column":4},"end":{"line":94,"column":null}},"32":{"start":{"line":85,"column":6},"end":{"line":85,"column":null}},"33":{"start":{"line":85,"column":17},"end":{"line":85,"column":null}},"34":{"start":{"line":86,"column":6},"end":{"line":93,"column":null}},"35":{"start":{"line":89,"column":10},"end":{"line":91,"column":null}},"36":{"start":{"line":98,"column":16},"end":{"line":98,"column":null}},"37":{"start":{"line":99,"column":4},"end":{"line":99,"column":null}},"38":{"start":{"line":100,"column":4},"end":{"line":100,"column":null}},"39":{"start":{"line":103,"column":2},"end":{"line":105,"column":null}},"40":{"start":{"line":104,"column":4},"end":{"line":104,"column":null}},"41":{"start":{"line":107,"column":22},"end":{"line":109,"column":null}},"42":{"start":{"line":108,"column":11},"end":{"line":108,"column":null}},"43":{"start":{"line":111,"column":2},"end":{"line":214,"column":null}},"44":{"start":{"line":149,"column":20},"end":{"line":149,"column":null}},"45":{"start":{"line":150,"column":30},"end":{"line":150,"column":null}},"46":{"start":{"line":152,"column":10},"end":{"line":206,"column":null}},"47":{"start":{"line":161,"column":22},"end":{"line":163,"column":null}},"48":{"start":{"line":173,"column":22},"end":{"line":176,"column":null}},"49":{"start":{"line":173,"column":44},"end":{"line":176,"column":24}},"50":{"start":{"line":190,"column":37},"end":{"line":190,"column":null}},"51":{"start":{"line":211,"column":45},"end":{"line":211,"column":null}}},"fnMap":{"0":{"name":"ExamDetailPage","decl":{"start":{"line":40,"column":24},"end":{"line":40,"column":41}},"loc":{"start":{"line":40,"column":41},"end":{"line":216,"column":null}},"line":40},"1":{"name":"(anonymous_1)","decl":{"start":{"line":54,"column":2},"end":{"line":54,"column":18}},"loc":{"start":{"line":54,"column":18},"end":{"line":56,"column":5}},"line":54},"2":{"name":"loadExam","decl":{"start":{"line":58,"column":17},"end":{"line":58,"column":28}},"loc":{"start":{"line":58,"column":28},"end":{"line":77,"column":null}},"line":58},"3":{"name":"handleSubmitAnswer","decl":{"start":{"line":79,"column":17},"end":{"line":79,"column":36}},"loc":{"start":{"line":79,"column":56},"end":{"line":95,"column":null}},"line":79},"4":{"name":"(anonymous_4)","decl":{"start":{"line":83,"column":4},"end":{"line":83,"column":18}},"loc":{"start":{"line":83,"column":28},"end":{"line":83,"column":60}},"line":83},"5":{"name":"(anonymous_5)","decl":{"start":{"line":84,"column":4},"end":{"line":84,"column":17}},"loc":{"start":{"line":84,"column":26},"end":{"line":94,"column":5}},"line":84},"6":{"name":"(anonymous_6)","decl":{"start":{"line":88,"column":30},"end":{"line":88,"column":35}},"loc":{"start":{"line":89,"column":10},"end":{"line":91,"column":null}},"line":89},"7":{"name":"handleFinish","decl":{"start":{"line":97,"column":17},"end":{"line":97,"column":32}},"loc":{"start":{"line":97,"column":32},"end":{"line":101,"column":null}},"line":97},"8":{"name":"(anonymous_8)","decl":{"start":{"line":107,"column":39},"end":{"line":107,"column":null}},"loc":{"start":{"line":108,"column":11},"end":{"line":108,"column":null}},"line":108},"9":{"name":"(anonymous_9)","decl":{"start":{"line":148,"column":26},"end":{"line":148,"column":31}},"loc":{"start":{"line":148,"column":44},"end":{"line":208,"column":9}},"line":148},"10":{"name":"(anonymous_10)","decl":{"start":{"line":160,"column":31},"end":{"line":160,"column":36}},"loc":{"start":{"line":161,"column":22},"end":{"line":163,"column":null}},"line":161},"11":{"name":"(anonymous_11)","decl":{"start":{"line":172,"column":20},"end":{"line":172,"column":31}},"loc":{"start":{"line":173,"column":22},"end":{"line":176,"column":null}},"line":173},"12":{"name":"(anonymous_12)","decl":{"start":{"line":173,"column":22},"end":{"line":173,"column":34}},"loc":{"start":{"line":173,"column":44},"end":{"line":176,"column":24}},"line":173},"13":{"name":"(anonymous_13)","decl":{"start":{"line":190,"column":22},"end":{"line":190,"column":37}},"loc":{"start":{"line":190,"column":37},"end":{"line":190,"column":null}},"line":190},"14":{"name":"(anonymous_14)","decl":{"start":{"line":211,"column":30},"end":{"line":211,"column":45}},"loc":{"start":{"line":211,"column":45},"end":{"line":211,"column":null}},"line":211}},"branchMap":{"0":{"loc":{"start":{"line":60,"column":4},"end":{"line":60,"column":null}},"type":"if","locations":[{"start":{"line":60,"column":4},"end":{"line":60,"column":null}},{"start":{},"end":{}}],"line":60},"1":{"loc":{"start":{"line":63,"column":4},"end":{"line":65,"column":null}},"type":"if","locations":[{"start":{"line":63,"column":4},"end":{"line":65,"column":null}},{"start":{},"end":{}}],"line":63},"2":{"loc":{"start":{"line":70,"column":6},"end":{"line":73,"column":null}},"type":"if","locations":[{"start":{"line":70,"column":6},"end":{"line":73,"column":null}},{"start":{},"end":{}}],"line":70},"3":{"loc":{"start":{"line":81,"column":4},"end":{"line":81,"column":null}},"type":"if","locations":[{"start":{"line":81,"column":4},"end":{"line":81,"column":null}},{"start":{},"end":{}}],"line":81},"4":{"loc":{"start":{"line":85,"column":6},"end":{"line":85,"column":null}},"type":"if","locations":[{"start":{"line":85,"column":6},"end":{"line":85,"column":null}},{"start":{},"end":{}}],"line":85},"5":{"loc":{"start":{"line":89,"column":10},"end":{"line":91,"column":null}},"type":"cond-expr","locations":[{"start":{"line":90,"column":14},"end":{"line":90,"column":null}},{"start":{"line":91,"column":14},"end":{"line":91,"column":null}}],"line":89},"6":{"loc":{"start":{"line":103,"column":2},"end":{"line":105,"column":null}},"type":"if","locations":[{"start":{"line":103,"column":2},"end":{"line":105,"column":null}},{"start":{},"end":{}}],"line":103},"7":{"loc":{"start":{"line":115,"column":9},"end":{"line":123,"column":null}},"type":"binary-expr","locations":[{"start":{"line":115,"column":9},"end":{"line":115,"column":null}},{"start":{"line":116,"column":10},"end":{"line":123,"column":null}}],"line":115},"8":{"loc":{"start":{"line":125,"column":7},"end":{"line":144,"column":null}},"type":"binary-expr","locations":[{"start":{"line":125,"column":7},"end":{"line":125,"column":19}},{"start":{"line":125,"column":19},"end":{"line":125,"column":null}},{"start":{"line":126,"column":8},"end":{"line":144,"column":null}}],"line":125},"9":{"loc":{"start":{"line":131,"column":21},"end":{"line":131,"column":null}},"type":"binary-expr","locations":[{"start":{"line":131,"column":21},"end":{"line":131,"column":47}},{"start":{"line":131,"column":47},"end":{"line":131,"column":null}}],"line":131},"10":{"loc":{"start":{"line":141,"column":15},"end":{"line":141,"column":null}},"type":"binary-expr","locations":[{"start":{"line":141,"column":15},"end":{"line":141,"column":40}},{"start":{"line":141,"column":35},"end":{"line":141,"column":null}}],"line":141},"11":{"loc":{"start":{"line":158,"column":17},"end":{"line":167,"column":null}},"type":"binary-expr","locations":[{"start":{"line":158,"column":17},"end":{"line":158,"column":40}},{"start":{"line":158,"column":40},"end":{"line":158,"column":null}},{"start":{"line":159,"column":18},"end":{"line":167,"column":null}}],"line":158},"12":{"loc":{"start":{"line":171,"column":27},"end":{"line":171,"column":null}},"type":"binary-expr","locations":[{"start":{"line":171,"column":27},"end":{"line":171,"column":44}},{"start":{"line":171,"column":44},"end":{"line":171,"column":null}}],"line":171},"13":{"loc":{"start":{"line":179,"column":22},"end":{"line":183,"column":null}},"type":"cond-expr","locations":[{"start":{"line":179,"column":33},"end":{"line":180,"column":null}},{"start":{"line":181,"column":26},"end":{"line":183,"column":null}}],"line":179},"14":{"loc":{"start":{"line":181,"column":26},"end":{"line":183,"column":null}},"type":"cond-expr","locations":[{"start":{"line":181,"column":37},"end":{"line":182,"column":null}},{"start":{"line":182,"column":58},"end":{"line":183,"column":null}}],"line":181},"15":{"loc":{"start":{"line":185,"column":30},"end":{"line":185,"column":null}},"type":"binary-expr","locations":[{"start":{"line":185,"column":30},"end":{"line":185,"column":45}},{"start":{"line":185,"column":45},"end":{"line":185,"column":null}}],"line":185},"16":{"loc":{"start":{"line":187,"column":19},"end":{"line":196,"column":null}},"type":"binary-expr","locations":[{"start":{"line":187,"column":19},"end":{"line":187,"column":35}},{"start":{"line":187,"column":35},"end":{"line":187,"column":null}},{"start":{"line":188,"column":20},"end":{"line":196,"column":null}}],"line":187},"17":{"loc":{"start":{"line":197,"column":17},"end":{"line":205,"column":null}},"type":"binary-expr","locations":[{"start":{"line":197,"column":17},"end":{"line":197,"column":null}},{"start":{"line":198,"column":18},"end":{"line":205,"column":null}}],"line":197},"18":{"loc":{"start":{"line":199,"column":42},"end":{"line":199,"column":null}},"type":"cond-expr","locations":[{"start":{"line":199,"column":61},"end":{"line":199,"column":80}},{"start":{"line":199,"column":80},"end":{"line":199,"column":null}}],"line":199},"19":{"loc":{"start":{"line":201,"column":21},"end":{"line":201,"column":null}},"type":"cond-expr","locations":[{"start":{"line":201,"column":30},"end":{"line":201,"column":74}},{"start":{"line":201,"column":70},"end":{"line":201,"column":null}}],"line":201},"20":{"loc":{"start":{"line":202,"column":21},"end":{"line":202,"column":null}},"type":"binary-expr","locations":[{"start":{"line":202,"column":21},"end":{"line":202,"column":38}},{"start":{"line":202,"column":38},"end":{"line":202,"column":null}}],"line":202}},"s":{"0":0,"1":0,"2":0,"3":0,"4":0,"5":0,"6":0,"7":0,"8":0,"9":0,"10":0,"11":0,"12":0,"13":0,"14":0,"15":0,"16":0,"17":0,"18":0,"19":0,"20":0,"21":0,"22":0,"23":0,"24":0,"25":0,"26":0,"27":0,"28":0,"29":0,"30":0,"31":0,"32":0,"33":0,"34":0,"35":0,"36":0,"37":0,"38":0,"39":0,"40":0,"41":0,"42":0,"43":0,"44":0,"45":0,"46":0,"47":0,"48":0,"49":0,"50":0,"51":0},"f":{"0":0,"1":0,"2":0,"3":0,"4":0,"5":0,"6":0,"7":0,"8":0,"9":0,"10":0,"11":0,"12":0,"13":0,"14":0},"b":{"0":[0,0],"1":[0,0],"2":[0,0],"3":[0,0],"4":[0,0],"5":[0,0],"6":[0,0],"7":[0,0],"8":[0,0,0],"9":[0,0],"10":[0,0],"11":[0,0,0],"12":[0,0],"13":[0,0],"14":[0,0],"15":[0,0],"16":[0,0,0],"17":[0,0],"18":[0,0],"19":[0,0],"20":[0,0]},"meta":{"lastBranch":21,"lastFunction":15,"lastStatement":52,"seen":{"s:1:0:1:Infinity":0,"f:40:24:40:41":0,"s:41:8:41:Infinity":1,"s:42:8:42:Infinity":2,"s:43:17:43:Infinity":3,"s:45:19:45:Infinity":4,"s:46:18:46:Infinity":5,"s:47:20:47:Infinity":6,"s:48:19:48:Infinity":7,"s:49:17:52:Infinity":8,"s:54:2:56:Infinity":9,"f:54:2:54:18":1,"s:55:4:55:Infinity":10,"f:58:17:58:28":2,"s:59:18:59:Infinity":11,"b:60:4:60:Infinity:undefined:undefined:undefined:undefined":0,"s:60:4:60:Infinity":12,"s:60:15:60:Infinity":13,"s:61:4:61:Infinity":14,"b:63:4:65:Infinity:undefined:undefined:undefined:undefined":1,"s:63:4:65:Infinity":15,"s:64:6:64:Infinity":16,"s:67:40:67:Infinity":17,"s:68:41:68:Infinity":18,"s:69:4:74:Infinity":19,"b:70:6:73:Infinity:undefined:undefined:undefined:undefined":2,"s:70:6:73:Infinity":20,"s:71:8:71:Infinity":21,"s:72:8:72:Infinity":22,"s:75:4:75:Infinity":23,"s:76:4:76:Infinity":24,"f:79:17:79:36":3,"s:80:23:80:Infinity":25,"b:81:4:81:Infinity:undefined:undefined:undefined:undefined":3,"s:81:4:81:Infinity":26,"s:81:29:81:Infinity":27,"s:82:22:82:Infinity":28,"s:83:4:83:Infinity":29,"f:83:4:83:18":4,"s:83:28:83:60":30,"s:84:4:94:Infinity":31,"f:84:4:84:17":5,"b:85:6:85:Infinity:undefined:undefined:undefined:undefined":4,"s:85:6:85:Infinity":32,"s:85:17:85:Infinity":33,"s:86:6:93:Infinity":34,"f:88:30:88:35":6,"s:89:10:91:Infinity":35,"b:90:14:90:Infinity:91:14:91:Infinity":5,"f:97:17:97:32":7,"s:98:16:98:Infinity":36,"s:99:4:99:Infinity":37,"s:100:4:100:Infinity":38,"b:103:2:105:Infinity:undefined:undefined:undefined:undefined":6,"s:103:2:105:Infinity":39,"s:104:4:104:Infinity":40,"s:107:22:109:Infinity":41,"f:107:39:107:Infinity":8,"s:108:11:108:Infinity":42,"s:111:2:214:Infinity":43,"b:115:9:115:Infinity:116:10:123:Infinity":7,"b:125:7:125:19:125:19:125:Infinity:126:8:144:Infinity":8,"b:131:21:131:47:131:47:131:Infinity":9,"b:141:15:141:40:141:35:141:Infinity":10,"f:148:26:148:31":9,"s:149:20:149:Infinity":44,"s:150:30:150:Infinity":45,"s:152:10:206:Infinity":46,"b:158:17:158:40:158:40:158:Infinity:159:18:167:Infinity":11,"f:160:31:160:36":10,"s:161:22:163:Infinity":47,"b:171:27:171:44:171:44:171:Infinity":12,"f:172:20:172:31":11,"s:173:22:176:Infinity":48,"f:173:22:173:34":12,"s:173:44:176:24":49,"b:179:33:180:Infinity:181:26:183:Infinity":13,"b:181:37:182:Infinity:182:58:183:Infinity":14,"b:185:30:185:45:185:45:185:Infinity":15,"b:187:19:187:35:187:35:187:Infinity:188:20:196:Infinity":16,"f:190:22:190:37":13,"s:190:37:190:Infinity":50,"b:197:17:197:Infinity:198:18:205:Infinity":17,"b:199:61:199:80:199:80:199:Infinity":18,"b:201:30:201:74:201:70:201:Infinity":19,"b:202:21:202:38:202:38:202:Infinity":20,"f:211:30:211:45":14,"s:211:45:211:Infinity":51}}}
,"C:\\Users\\user\\Documents\\claude-agents\\maqiu\\src\\app\\exam\\questions\\page.tsx": {"path":"C:\\Users\\user\\Documents\\claude-agents\\maqiu\\src\\app\\exam\\questions\\page.tsx","statementMap":{"0":{"start":{"line":1,"column":0},"end":{"line":1,"column":null}},"1":{"start":{"line":33,"column":44},"end":{"line":37,"column":null}},"2":{"start":{"line":40,"column":20},"end":{"line":40,"column":null}},"3":{"start":{"line":41,"column":16},"end":{"line":41,"column":null}},"4":{"start":{"line":42,"column":19},"end":{"line":42,"column":null}},"5":{"start":{"line":44,"column":17},"end":{"line":44,"column":null}},"6":{"start":{"line":45,"column":15},"end":{"line":45,"column":null}},"7":{"start":{"line":46,"column":18},"end":{"line":46,"column":null}},"8":{"start":{"line":47,"column":18},"end":{"line":47,"column":null}},"9":{"start":{"line":48,"column":17},"end":{"line":48,"column":null}},"10":{"start":{"line":49,"column":22},"end":{"line":49,"column":null}},"11":{"start":{"line":50,"column":21},"end":{"line":50,"column":null}},"12":{"start":{"line":52,"column":2},"end":{"line":54,"column":null}},"13":{"start":{"line":53,"column":4},"end":{"line":53,"column":null}},"14":{"start":{"line":57,"column":21},"end":{"line":57,"column":null}},"15":{"start":{"line":58,"column":4},"end":{"line":58,"column":null}},"16":{"start":{"line":59,"column":16},"end":{"line":59,"column":null}},"17":{"start":{"line":60,"column":4},"end":{"line":60,"column":null}},"18":{"start":{"line":60,"column":34},"end":{"line":60,"column":null}},"19":{"start":{"line":61,"column":4},"end":{"line":61,"column":null}},"20":{"start":{"line":65,"column":4},"end":{"line":65,"column":null}},"21":{"start":{"line":66,"column":4},"end":{"line":74,"column":null}},"22":{"start":{"line":75,"column":4},"end":{"line":75,"column":null}},"23":{"start":{"line":76,"column":4},"end":{"line":76,"column":null}},"24":{"start":{"line":77,"column":4},"end":{"line":77,"column":null}},"25":{"start":{"line":78,"column":4},"end":{"line":78,"column":null}},"26":{"start":{"line":79,"column":4},"end":{"line":79,"column":null}},"27":{"start":{"line":80,"column":4},"end":{"line":80,"column":null}},"28":{"start":{"line":84,"column":4},"end":{"line":84,"column":null}},"29":{"start":{"line":85,"column":4},"end":{"line":85,"column":null}},"30":{"start":{"line":88,"column":2},"end":{"line":232,"column":null}},"31":{"start":{"line":92,"column":31},"end":{"line":92,"column":null}},"32":{"start":{"line":111,"column":37},"end":{"line":111,"column":null}},"33":{"start":{"line":117,"column":22},"end":{"line":119,"column":null}},"34":{"start":{"line":130,"column":22},"end":{"line":130,"column":null}},"35":{"start":{"line":146,"column":35},"end":{"line":146,"column":null}},"36":{"start":{"line":158,"column":37},"end":{"line":158,"column":null}},"37":{"start":{"line":171,"column":35},"end":{"line":171,"column":null}},"38":{"start":{"line":182,"column":35},"end":{"line":182,"column":null}},"39":{"start":{"line":195,"column":35},"end":{"line":195,"column":null}},"40":{"start":{"line":211,"column":12},"end":{"line":228,"column":null}},"41":{"start":{"line":218,"column":35},"end":{"line":218,"column":null}}},"fnMap":{"0":{"name":"QuestionsPage","decl":{"start":{"line":39,"column":24},"end":{"line":39,"column":40}},"loc":{"start":{"line":39,"column":40},"end":{"line":234,"column":null}},"line":39},"1":{"name":"(anonymous_1)","decl":{"start":{"line":52,"column":2},"end":{"line":52,"column":18}},"loc":{"start":{"line":52,"column":18},"end":{"line":54,"column":5}},"line":52},"2":{"name":"loadData","decl":{"start":{"line":56,"column":17},"end":{"line":56,"column":28}},"loc":{"start":{"line":56,"column":28},"end":{"line":62,"column":null}},"line":56},"3":{"name":"handleSubmit","decl":{"start":{"line":64,"column":17},"end":{"line":64,"column":30}},"loc":{"start":{"line":64,"column":50},"end":{"line":81,"column":null}},"line":64},"4":{"name":"handleDelete","decl":{"start":{"line":83,"column":17},"end":{"line":83,"column":30}},"loc":{"start":{"line":83,"column":42},"end":{"line":86,"column":null}},"line":83},"5":{"name":"(anonymous_5)","decl":{"start":{"line":92,"column":16},"end":{"line":92,"column":31}},"loc":{"start":{"line":92,"column":31},"end":{"line":92,"column":null}},"line":92},"6":{"name":"(anonymous_6)","decl":{"start":{"line":111,"column":20},"end":{"line":111,"column":31}},"loc":{"start":{"line":111,"column":37},"end":{"line":111,"column":null}},"line":111},"7":{"name":"(anonymous_7)","decl":{"start":{"line":116,"column":49},"end":{"line":116,"column":54}},"loc":{"start":{"line":117,"column":22},"end":{"line":119,"column":null}},"line":117},"8":{"name":"(anonymous_8)","decl":{"start":{"line":129,"column":20},"end":{"line":129,"column":31}},"loc":{"start":{"line":130,"column":22},"end":{"line":130,"column":null}},"line":130},"9":{"name":"(anonymous_9)","decl":{"start":{"line":146,"column":18},"end":{"line":146,"column":29}},"loc":{"start":{"line":146,"column":35},"end":{"line":146,"column":null}},"line":146},"10":{"name":"(anonymous_10)","decl":{"start":{"line":158,"column":20},"end":{"line":158,"column":31}},"loc":{"start":{"line":158,"column":37},"end":{"line":158,"column":null}},"line":158},"11":{"name":"(anonymous_11)","decl":{"start":{"line":171,"column":18},"end":{"line":171,"column":29}},"loc":{"start":{"line":171,"column":35},"end":{"line":171,"column":null}},"line":171},"12":{"name":"(anonymous_12)","decl":{"start":{"line":182,"column":18},"end":{"line":182,"column":29}},"loc":{"start":{"line":182,"column":35},"end":{"line":182,"column":null}},"line":182},"13":{"name":"(anonymous_13)","decl":{"start":{"line":195,"column":18},"end":{"line":195,"column":29}},"loc":{"start":{"line":195,"column":35},"end":{"line":195,"column":null}},"line":195},"14":{"name":"(anonymous_14)","decl":{"start":{"line":210,"column":21},"end":{"line":210,"column":26}},"loc":{"start":{"line":211,"column":12},"end":{"line":228,"column":null}},"line":211},"15":{"name":"(anonymous_15)","decl":{"start":{"line":218,"column":20},"end":{"line":218,"column":35}},"loc":{"start":{"line":218,"column":35},"end":{"line":218,"column":null}},"line":218}},"branchMap":{"0":{"loc":{"start":{"line":70,"column":15},"end":{"line":70,"column":null}},"type":"cond-expr","locations":[{"start":{"line":70,"column":35},"end":{"line":70,"column":73}},{"start":{"line":70,"column":73},"end":{"line":70,"column":null}}],"line":70},"1":{"loc":{"start":{"line":93,"column":11},"end":{"line":93,"column":null}},"type":"cond-expr","locations":[{"start":{"line":93,"column":11},"end":{"line":93,"column":51}},{"start":{"line":93,"column":47},"end":{"line":93,"column":null}}],"line":93},"2":{"loc":{"start":{"line":97,"column":7},"end":{"line":201,"column":null}},"type":"binary-expr","locations":[{"start":{"line":97,"column":7},"end":{"line":97,"column":null}},{"start":{"line":98,"column":8},"end":{"line":201,"column":null}}],"line":97},"3":{"loc":{"start":{"line":151,"column":15},"end":{"line":163,"column":null}},"type":"binary-expr","locations":[{"start":{"line":151,"column":15},"end":{"line":151,"column":null}},{"start":{"line":152,"column":16},"end":{"line":163,"column":null}}],"line":151},"4":{"loc":{"start":{"line":172,"column":31},"end":{"line":172,"column":null}},"type":"cond-expr","locations":[{"start":{"line":172,"column":40},"end":{"line":172,"column":99}},{"start":{"line":172,"column":95},"end":{"line":172,"column":null}}],"line":172},"5":{"loc":{"start":{"line":204,"column":7},"end":{"line":230,"column":null}},"type":"cond-expr","locations":[{"start":{"line":205,"column":8},"end":{"line":209,"column":9}},{"start":{"line":209,"column":8},"end":{"line":230,"column":null}}],"line":204},"6":{"loc":{"start":{"line":225,"column":19},"end":{"line":225,"column":null}},"type":"binary-expr","locations":[{"start":{"line":225,"column":19},"end":{"line":225,"column":49}},{"start":{"line":225,"column":49},"end":{"line":225,"column":null}}],"line":225}},"s":{"0":0,"1":0,"2":0,"3":0,"4":0,"5":0,"6":0,"7":0,"8":0,"9":0,"10":0,"11":0,"12":0,"13":0,"14":0,"15":0,"16":0,"17":0,"18":0,"19":0,"20":0,"21":0,"22":0,"23":0,"24":0,"25":0,"26":0,"27":0,"28":0,"29":0,"30":0,"31":0,"32":0,"33":0,"34":0,"35":0,"36":0,"37":0,"38":0,"39":0,"40":0,"41":0},"f":{"0":0,"1":0,"2":0,"3":0,"4":0,"5":0,"6":0,"7":0,"8":0,"9":0,"10":0,"11":0,"12":0,"13":0,"14":0,"15":0},"b":{"0":[0,0],"1":[0,0],"2":[0,0],"3":[0,0],"4":[0,0],"5":[0,0],"6":[0,0]},"meta":{"lastBranch":7,"lastFunction":16,"lastStatement":42,"seen":{"s:1:0:1:Infinity":0,"s:33:44:37:Infinity":1,"f:39:24:39:40":0,"s:40:20:40:Infinity":2,"s:41:16:41:Infinity":3,"s:42:19:42:Infinity":4,"s:44:17:44:Infinity":5,"s:45:15:45:Infinity":6,"s:46:18:46:Infinity":7,"s:47:18:47:Infinity":8,"s:48:17:48:Infinity":9,"s:49:22:49:Infinity":10,"s:50:21:50:Infinity":11,"s:52:2:54:Infinity":12,"f:52:2:52:18":1,"s:53:4:53:Infinity":13,"f:56:17:56:28":2,"s:57:21:57:Infinity":14,"s:58:4:58:Infinity":15,"s:59:16:59:Infinity":16,"s:60:4:60:Infinity":17,"s:60:34:60:Infinity":18,"s:61:4:61:Infinity":19,"f:64:17:64:30":3,"s:65:4:65:Infinity":20,"s:66:4:74:Infinity":21,"b:70:35:70:73:70:73:70:Infinity":0,"s:75:4:75:Infinity":22,"s:76:4:76:Infinity":23,"s:77:4:77:Infinity":24,"s:78:4:78:Infinity":25,"s:79:4:79:Infinity":26,"s:80:4:80:Infinity":27,"f:83:17:83:30":4,"s:84:4:84:Infinity":28,"s:85:4:85:Infinity":29,"s:88:2:232:Infinity":30,"f:92:16:92:31":5,"s:92:31:92:Infinity":31,"b:93:11:93:51:93:47:93:Infinity":1,"b:97:7:97:Infinity:98:8:201:Infinity":2,"f:111:20:111:31":6,"s:111:37:111:Infinity":32,"f:116:49:116:54":7,"s:117:22:119:Infinity":33,"f:129:20:129:31":8,"s:130:22:130:Infinity":34,"f:146:18:146:29":9,"s:146:35:146:Infinity":35,"b:151:15:151:Infinity:152:16:163:Infinity":3,"f:158:20:158:31":10,"s:158:37:158:Infinity":36,"f:171:18:171:29":11,"s:171:35:171:Infinity":37,"b:172:40:172:99:172:95:172:Infinity":4,"f:182:18:182:29":12,"s:182:35:182:Infinity":38,"f:195:18:195:29":13,"s:195:35:195:Infinity":39,"b:205:8:209:9:209:8:230:Infinity":5,"f:210:21:210:26":14,"s:211:12:228:Infinity":40,"f:218:20:218:35":15,"s:218:35:218:Infinity":41,"b:225:19:225:49:225:49:225:Infinity":6}}}
,"C:\\Users\\user\\Documents\\claude-agents\\maqiu\\src\\app\\knowledge\\page.tsx": {"path":"C:\\Users\\user\\Documents\\claude-agents\\maqiu\\src\\app\\knowledge\\page.tsx","statementMap":{"0":{"start":{"line":1,"column":0},"end":{"line":1,"column":null}},"1":{"start":{"line":24,"column":16},"end":{"line":24,"column":null}},"2":{"start":{"line":25,"column":17},"end":{"line":25,"column":null}},"3":{"start":{"line":27,"column":2},"end":{"line":29,"column":null}},"4":{"start":{"line":28,"column":4},"end":{"line":28,"column":null}},"5":{"start":{"line":31,"column":2},"end":{"line":75,"column":null}},"6":{"start":{"line":51,"column":25},"end":{"line":51,"column":null}},"7":{"start":{"line":62,"column":12},"end":{"line":71,"column":null}}},"fnMap":{"0":{"name":"KnowledgePage","decl":{"start":{"line":23,"column":24},"end":{"line":23,"column":40}},"loc":{"start":{"line":23,"column":40},"end":{"line":77,"column":null}},"line":23},"1":{"name":"(anonymous_1)","decl":{"start":{"line":27,"column":2},"end":{"line":27,"column":18}},"loc":{"start":{"line":27,"column":18},"end":{"line":29,"column":5}},"line":27},"2":{"name":"(anonymous_2)","decl":{"start":{"line":51,"column":8},"end":{"line":51,"column":19}},"loc":{"start":{"line":51,"column":25},"end":{"line":51,"column":null}},"line":51},"3":{"name":"(anonymous_3)","decl":{"start":{"line":61,"column":17},"end":{"line":61,"column":22}},"loc":{"start":{"line":62,"column":12},"end":{"line":71,"column":null}},"line":62}},"branchMap":{"0":{"loc":{"start":{"line":28,"column":14},"end":{"line":28,"column":33}},"type":"binary-expr","locations":[{"start":{"line":28,"column":14},"end":{"line":28,"column":24}},{"start":{"line":28,"column":24},"end":{"line":28,"column":33}}],"line":28},"1":{"loc":{"start":{"line":55,"column":7},"end":{"line":73,"column":null}},"type":"cond-expr","locations":[{"start":{"line":56,"column":8},"end":{"line":60,"column":9}},{"start":{"line":60,"column":8},"end":{"line":73,"column":null}}],"line":55},"2":{"loc":{"start":{"line":57,"column":11},"end":{"line":57,"column":null}},"type":"cond-expr","locations":[{"start":{"line":57,"column":11},"end":{"line":57,"column":46}},{"start":{"line":57,"column":42},"end":{"line":57,"column":null}}],"line":57},"3":{"loc":{"start":{"line":66,"column":19},"end":{"line":69,"column":null}},"type":"binary-expr","locations":[{"start":{"line":66,"column":19},"end":{"line":66,"column":null}},{"start":{"line":67,"column":20},"end":{"line":69,"column":null}}],"line":66}},"s":{"0":0,"1":0,"2":0,"3":0,"4":0,"5":0,"6":0,"7":0},"f":{"0":0,"1":0,"2":0,"3":0},"b":{"0":[0,0],"1":[0,0],"2":[0,0],"3":[0,0]},"meta":{"lastBranch":4,"lastFunction":4,"lastStatement":8,"seen":{"s:1:0:1:Infinity":0,"f:23:24:23:40":0,"s:24:16:24:Infinity":1,"s:25:17:25:Infinity":2,"s:27:2:29:Infinity":3,"f:27:2:27:18":1,"s:28:4:28:Infinity":4,"b:28:14:28:24:28:24:28:33":0,"s:31:2:75:Infinity":5,"f:51:8:51:19":2,"s:51:25:51:Infinity":6,"b:56:8:60:9:60:8:73:Infinity":1,"b:57:11:57:46:57:42:57:Infinity":2,"f:61:17:61:22":3,"s:62:12:71:Infinity":7,"b:66:19:66:Infinity:67:20:69:Infinity":3}}}
,"C:\\Users\\user\\Documents\\claude-agents\\maqiu\\src\\app\\knowledge\\[id]\\page.tsx": {"path":"C:\\Users\\user\\Documents\\claude-agents\\maqiu\\src\\app\\knowledge\\[id]\\page.tsx","statementMap":{"0":{"start":{"line":1,"column":0},"end":{"line":1,"column":null}},"1":{"start":{"line":43,"column":47},"end":{"line":47,"column":null}},"2":{"start":{"line":50,"column":8},"end":{"line":50,"column":null}},"3":{"start":{"line":51,"column":8},"end":{"line":51,"column":null}},"4":{"start":{"line":52,"column":13},"end":{"line":52,"column":null}},"5":{"start":{"line":54,"column":15},"end":{"line":54,"column":null}},"6":{"start":{"line":55,"column":16},"end":{"line":58,"column":null}},"7":{"start":{"line":59,"column":18},"end":{"line":59,"column":null}},"8":{"start":{"line":60,"column":16},"end":{"line":60,"column":null}},"9":{"start":{"line":61,"column":18},"end":{"line":61,"column":null}},"10":{"start":{"line":62,"column":19},"end":{"line":62,"column":null}},"11":{"start":{"line":63,"column":15},"end":{"line":63,"column":null}},"12":{"start":{"line":64,"column":24},"end":{"line":64,"column":null}},"13":{"start":{"line":65,"column":22},"end":{"line":65,"column":null}},"14":{"start":{"line":66,"column":17},"end":{"line":66,"column":null}},"15":{"start":{"line":68,"column":2},"end":{"line":70,"column":null}},"16":{"start":{"line":69,"column":4},"end":{"line":69,"column":null}},"17":{"start":{"line":73,"column":19},"end":{"line":73,"column":null}},"18":{"start":{"line":74,"column":4},"end":{"line":80,"column":null}},"19":{"start":{"line":75,"column":6},"end":{"line":75,"column":null}},"20":{"start":{"line":76,"column":6},"end":{"line":76,"column":null}},"21":{"start":{"line":77,"column":6},"end":{"line":77,"column":null}},"22":{"start":{"line":78,"column":6},"end":{"line":78,"column":null}},"23":{"start":{"line":79,"column":6},"end":{"line":79,"column":null}},"24":{"start":{"line":81,"column":4},"end":{"line":81,"column":null}},"25":{"start":{"line":85,"column":4},"end":{"line":85,"column":null}},"26":{"start":{"line":86,"column":4},"end":{"line":94,"column":null}},"27":{"start":{"line":92,"column":22},"end":{"line":92,"column":32}},"28":{"start":{"line":95,"column":4},"end":{"line":95,"column":null}},"29":{"start":{"line":96,"column":4},"end":{"line":96,"column":null}},"30":{"start":{"line":97,"column":4},"end":{"line":97,"column":null}},"31":{"start":{"line":101,"column":4},"end":{"line":101,"column":null}},"32":{"start":{"line":102,"column":4},"end":{"line":102,"column":null}},"33":{"start":{"line":106,"column":4},"end":{"line":106,"column":null}},"34":{"start":{"line":107,"column":4},"end":{"line":107,"column":null}},"35":{"start":{"line":107,"column":31},"end":{"line":107,"column":null}},"36":{"start":{"line":108,"column":4},"end":{"line":112,"column":null}},"37":{"start":{"line":113,"column":4},"end":{"line":113,"column":null}},"38":{"start":{"line":114,"column":4},"end":{"line":114,"column":null}},"39":{"start":{"line":118,"column":4},"end":{"line":118,"column":null}},"40":{"start":{"line":119,"column":4},"end":{"line":119,"column":null}},"41":{"start":{"line":122,"column":2},"end":{"line":124,"column":null}},"42":{"start":{"line":123,"column":4},"end":{"line":123,"column":null}},"43":{"start":{"line":126,"column":2},"end":{"line":312,"column":null}},"44":{"start":{"line":132,"column":50},"end":{"line":132,"column":77}},"45":{"start":{"line":138,"column":31},"end":{"line":138,"column":null}},"46":{"start":{"line":145,"column":31},"end":{"line":145,"column":null}},"47":{"start":{"line":155,"column":31},"end":{"line":155,"column":null}},"48":{"start":{"line":164,"column":53},"end":{"line":164,"column":null}},"49":{"start":{"line":184,"column":20},"end":{"line":189,"column":null}},"50":{"start":{"line":195,"column":55},"end":{"line":195,"column":null}},"51":{"start":{"line":227,"column":18},"end":{"line":247,"column":null}},"52":{"start":{"line":243,"column":37},"end":{"line":243,"column":null}},"53":{"start":{"line":258,"column":18},"end":{"line":278,"column":null}},"54":{"start":{"line":274,"column":37},"end":{"line":274,"column":null}},"55":{"start":{"line":291,"column":33},"end":{"line":291,"column":null}},"56":{"start":{"line":298,"column":16},"end":{"line":298,"column":null}}},"fnMap":{"0":{"name":"KnowledgeDetailPage","decl":{"start":{"line":49,"column":24},"end":{"line":49,"column":46}},"loc":{"start":{"line":49,"column":46},"end":{"line":314,"column":null}},"line":49},"1":{"name":"(anonymous_1)","decl":{"start":{"line":68,"column":2},"end":{"line":68,"column":18}},"loc":{"start":{"line":68,"column":18},"end":{"line":70,"column":5}},"line":68},"2":{"name":"loadData","decl":{"start":{"line":72,"column":17},"end":{"line":72,"column":28}},"loc":{"start":{"line":72,"column":28},"end":{"line":82,"column":null}},"line":72},"3":{"name":"handleSave","decl":{"start":{"line":84,"column":17},"end":{"line":84,"column":30}},"loc":{"start":{"line":84,"column":30},"end":{"line":98,"column":null}},"line":84},"4":{"name":"(anonymous_4)","decl":{"start":{"line":92,"column":9},"end":{"line":92,"column":14}},"loc":{"start":{"line":92,"column":22},"end":{"line":92,"column":32}},"line":92},"5":{"name":"handleDelete","decl":{"start":{"line":100,"column":17},"end":{"line":100,"column":32}},"loc":{"start":{"line":100,"column":32},"end":{"line":103,"column":null}},"line":100},"6":{"name":"handleAddEdge","decl":{"start":{"line":105,"column":17},"end":{"line":105,"column":31}},"loc":{"start":{"line":105,"column":51},"end":{"line":115,"column":null}},"line":105},"7":{"name":"handleDeleteEdge","decl":{"start":{"line":117,"column":17},"end":{"line":117,"column":34}},"loc":{"start":{"line":117,"column":50},"end":{"line":120,"column":null}},"line":117},"8":{"name":"(anonymous_8)","decl":{"start":{"line":132,"column":33},"end":{"line":132,"column":44}},"loc":{"start":{"line":132,"column":50},"end":{"line":132,"column":77}},"line":132},"9":{"name":"(anonymous_9)","decl":{"start":{"line":138,"column":14},"end":{"line":138,"column":25}},"loc":{"start":{"line":138,"column":31},"end":{"line":138,"column":null}},"line":138},"10":{"name":"(anonymous_10)","decl":{"start":{"line":145,"column":14},"end":{"line":145,"column":25}},"loc":{"start":{"line":145,"column":31},"end":{"line":145,"column":null}},"line":145},"11":{"name":"(anonymous_11)","decl":{"start":{"line":155,"column":14},"end":{"line":155,"column":25}},"loc":{"start":{"line":155,"column":31},"end":{"line":155,"column":null}},"line":155},"12":{"name":"(anonymous_12)","decl":{"start":{"line":164,"column":38},"end":{"line":164,"column":53}},"loc":{"start":{"line":164,"column":53},"end":{"line":164,"column":null}},"line":164},"13":{"name":"(anonymous_13)","decl":{"start":{"line":183,"column":29},"end":{"line":183,"column":34}},"loc":{"start":{"line":184,"column":20},"end":{"line":189,"column":null}},"line":184},"14":{"name":"(anonymous_14)","decl":{"start":{"line":195,"column":40},"end":{"line":195,"column":55}},"loc":{"start":{"line":195,"column":55},"end":{"line":195,"column":null}},"line":195},"15":{"name":"(anonymous_15)","decl":{"start":{"line":226,"column":32},"end":{"line":226,"column":37}},"loc":{"start":{"line":227,"column":18},"end":{"line":247,"column":null}},"line":227},"16":{"name":"(anonymous_16)","decl":{"start":{"line":243,"column":22},"end":{"line":243,"column":37}},"loc":{"start":{"line":243,"column":37},"end":{"line":243,"column":null}},"line":243},"17":{"name":"(anonymous_17)","decl":{"start":{"line":257,"column":32},"end":{"line":257,"column":37}},"loc":{"start":{"line":258,"column":18},"end":{"line":278,"column":null}},"line":258},"18":{"name":"(anonymous_18)","decl":{"start":{"line":274,"column":22},"end":{"line":274,"column":37}},"loc":{"start":{"line":274,"column":37},"end":{"line":274,"column":null}},"line":274},"19":{"name":"(anonymous_19)","decl":{"start":{"line":291,"column":16},"end":{"line":291,"column":27}},"loc":{"start":{"line":291,"column":33},"end":{"line":291,"column":null}},"line":291},"20":{"name":"(anonymous_20)","decl":{"start":{"line":297,"column":14},"end":{"line":297,"column":25}},"loc":{"start":{"line":298,"column":16},"end":{"line":298,"column":null}},"line":298}},"branchMap":{"0":{"loc":{"start":{"line":74,"column":4},"end":{"line":80,"column":null}},"type":"if","locations":[{"start":{"line":74,"column":4},"end":{"line":80,"column":null}},{"start":{},"end":{}}],"line":74},"1":{"loc":{"start":{"line":77,"column":17},"end":{"line":77,"column":32}},"type":"binary-expr","locations":[{"start":{"line":77,"column":17},"end":{"line":77,"column":30}},{"start":{"line":77,"column":30},"end":{"line":77,"column":32}}],"line":77},"2":{"loc":{"start":{"line":78,"column":18},"end":{"line":78,"column":34}},"type":"binary-expr","locations":[{"start":{"line":78,"column":18},"end":{"line":78,"column":32}},{"start":{"line":78,"column":32},"end":{"line":78,"column":34}}],"line":78},"3":{"loc":{"start":{"line":79,"column":15},"end":{"line":79,"column":29}},"type":"binary-expr","locations":[{"start":{"line":79,"column":15},"end":{"line":79,"column":25}},{"start":{"line":79,"column":25},"end":{"line":79,"column":29}}],"line":79},"4":{"loc":{"start":{"line":107,"column":4},"end":{"line":107,"column":null}},"type":"if","locations":[{"start":{"line":107,"column":4},"end":{"line":107,"column":null}},{"start":{},"end":{}}],"line":107},"5":{"loc":{"start":{"line":122,"column":2},"end":{"line":124,"column":null}},"type":"if","locations":[{"start":{"line":122,"column":2},"end":{"line":124,"column":null}},{"start":{},"end":{}}],"line":122},"6":{"loc":{"start":{"line":128,"column":7},"end":{"line":214,"column":7}},"type":"cond-expr","locations":[{"start":{"line":129,"column":8},"end":{"line":170,"column":null}},{"start":{"line":170,"column":8},"end":{"line":214,"column":7}}],"line":128},"7":{"loc":{"start":{"line":162,"column":15},"end":{"line":162,"column":null}},"type":"cond-expr","locations":[{"start":{"line":162,"column":15},"end":{"line":162,"column":55}},{"start":{"line":162,"column":51},"end":{"line":162,"column":null}}],"line":162},"8":{"loc":{"start":{"line":175,"column":17},"end":{"line":176,"column":17}},"type":"binary-expr","locations":[{"start":{"line":175,"column":17},"end":{"line":175,"column":34}},{"start":{"line":175,"column":34},"end":{"line":176,"column":17}}],"line":175},"9":{"loc":{"start":{"line":181,"column":15},"end":{"line":191,"column":null}},"type":"binary-expr","locations":[{"start":{"line":181,"column":15},"end":{"line":181,"column":28}},{"start":{"line":181,"column":28},"end":{"line":181,"column":null}},{"start":{"line":182,"column":16},"end":{"line":191,"column":null}}],"line":181},"10":{"loc":{"start":{"line":204,"column":11},"end":{"line":211,"column":null}},"type":"binary-expr","locations":[{"start":{"line":204,"column":11},"end":{"line":204,"column":null}},{"start":{"line":205,"column":12},"end":{"line":211,"column":null}}],"line":204},"11":{"loc":{"start":{"line":222,"column":11},"end":{"line":250,"column":null}},"type":"binary-expr","locations":[{"start":{"line":222,"column":11},"end":{"line":222,"column":null}},{"start":{"line":223,"column":12},"end":{"line":250,"column":null}}],"line":222},"12":{"loc":{"start":{"line":253,"column":11},"end":{"line":281,"column":null}},"type":"binary-expr","locations":[{"start":{"line":253,"column":11},"end":{"line":253,"column":null}},{"start":{"line":254,"column":12},"end":{"line":281,"column":null}}],"line":253}},"s":{"0":0,"1":0,"2":0,"3":0,"4":0,"5":0,"6":0,"7":0,"8":0,"9":0,"10":0,"11":0,"12":0,"13":0,"14":0,"15":0,"16":0,"17":0,"18":0,"19":0,"20":0,"21":0,"22":0,"23":0,"24":0,"25":0,"26":0,"27":0,"28":0,"29":0,"30":0,"31":0,"32":0,"33":0,"34":0,"35":0,"36":0,"37":0,"38":0,"39":0,"40":0,"41":0,"42":0,"43":0,"44":0,"45":0,"46":0,"47":0,"48":0,"49":0,"50":0,"51":0,"52":0,"53":0,"54":0,"55":0,"56":0},"f":{"0":0,"1":0,"2":0,"3":0,"4":0,"5":0,"6":0,"7":0,"8":0,"9":0,"10":0,"11":0,"12":0,"13":0,"14":0,"15":0,"16":0,"17":0,"18":0,"19":0,"20":0},"b":{"0":[0,0],"1":[0,0],"2":[0,0],"3":[0,0],"4":[0,0],"5":[0,0],"6":[0,0],"7":[0,0],"8":[0,0],"9":[0,0,0],"10":[0,0],"11":[0,0],"12":[0,0]},"meta":{"lastBranch":13,"lastFunction":21,"lastStatement":57,"seen":{"s:1:0:1:Infinity":0,"s:43:47:47:Infinity":1,"f:49:24:49:46":0,"s:50:8:50:Infinity":2,"s:51:8:51:Infinity":3,"s:52:13:52:Infinity":4,"s:54:15:54:Infinity":5,"s:55:16:58:Infinity":6,"s:59:18:59:Infinity":7,"s:60:16:60:Infinity":8,"s:61:18:61:Infinity":9,"s:62:19:62:Infinity":10,"s:63:15:63:Infinity":11,"s:64:24:64:Infinity":12,"s:65:22:65:Infinity":13,"s:66:17:66:Infinity":14,"s:68:2:70:Infinity":15,"f:68:2:68:18":1,"s:69:4:69:Infinity":16,"f:72:17:72:28":2,"s:73:19:73:Infinity":17,"b:74:4:80:Infinity:undefined:undefined:undefined:undefined":0,"s:74:4:80:Infinity":18,"s:75:6:75:Infinity":19,"s:76:6:76:Infinity":20,"s:77:6:77:Infinity":21,"b:77:17:77:30:77:30:77:32":1,"s:78:6:78:Infinity":22,"b:78:18:78:32:78:32:78:34":2,"s:79:6:79:Infinity":23,"b:79:15:79:25:79:25:79:29":3,"s:81:4:81:Infinity":24,"f:84:17:84:30":3,"s:85:4:85:Infinity":25,"s:86:4:94:Infinity":26,"f:92:9:92:14":4,"s:92:22:92:32":27,"s:95:4:95:Infinity":28,"s:96:4:96:Infinity":29,"s:97:4:97:Infinity":30,"f:100:17:100:32":5,"s:101:4:101:Infinity":31,"s:102:4:102:Infinity":32,"f:105:17:105:31":6,"s:106:4:106:Infinity":33,"b:107:4:107:Infinity:undefined:undefined:undefined:undefined":4,"s:107:4:107:Infinity":34,"s:107:31:107:Infinity":35,"s:108:4:112:Infinity":36,"s:113:4:113:Infinity":37,"s:114:4:114:Infinity":38,"f:117:17:117:34":7,"s:118:4:118:Infinity":39,"s:119:4:119:Infinity":40,"b:122:2:124:Infinity:undefined:undefined:undefined:undefined":5,"s:122:2:124:Infinity":41,"s:123:4:123:Infinity":42,"s:126:2:312:Infinity":43,"b:129:8:170:Infinity:170:8:214:7":6,"f:132:33:132:44":8,"s:132:50:132:77":44,"f:138:14:138:25":9,"s:138:31:138:Infinity":45,"f:145:14:145:25":10,"s:145:31:145:Infinity":46,"f:155:14:155:25":11,"s:155:31:155:Infinity":47,"b:162:15:162:55:162:51:162:Infinity":7,"f:164:38:164:53":12,"s:164:53:164:Infinity":48,"b:175:17:175:34:175:34:176:17":8,"b:181:15:181:28:181:28:181:Infinity:182:16:191:Infinity":9,"f:183:29:183:34":13,"s:184:20:189:Infinity":49,"f:195:40:195:55":14,"s:195:55:195:Infinity":50,"b:204:11:204:Infinity:205:12:211:Infinity":10,"b:222:11:222:Infinity:223:12:250:Infinity":11,"f:226:32:226:37":15,"s:227:18:247:Infinity":51,"f:243:22:243:37":16,"s:243:37:243:Infinity":52,"b:253:11:253:Infinity:254:12:281:Infinity":12,"f:257:32:257:37":17,"s:258:18:278:Infinity":53,"f:274:22:274:37":18,"s:274:37:274:Infinity":54,"f:291:16:291:27":19,"s:291:33:291:Infinity":55,"f:297:14:297:25":20,"s:298:16:298:Infinity":56}}}
,"C:\\Users\\user\\Documents\\claude-agents\\maqiu\\src\\app\\knowledge\\graph\\page.tsx": {"path":"C:\\Users\\user\\Documents\\claude-agents\\maqiu\\src\\app\\knowledge\\graph\\page.tsx","statementMap":{"0":{"start":{"line":1,"column":0},"end":{"line":1,"column":null}},"1":{"start":{"line":34,"column":85},"end":{"line":40,"column":null}},"2":{"start":{"line":41,"column":24},"end":{"line":41,"column":null}},"3":{"start":{"line":43,"column":89},"end":{"line":47,"column":null}},"4":{"start":{"line":50,"column":17},"end":{"line":50,"column":null}},"5":{"start":{"line":51,"column":2},"end":{"line":73,"column":null}},"6":{"start":{"line":77,"column":18},"end":{"line":77,"column":null}},"7":{"start":{"line":84,"column":2},"end":{"line":102,"column":null}},"8":{"start":{"line":85,"column":4},"end":{"line":85,"column":null}},"9":{"start":{"line":85,"column":40},"end":{"line":85,"column":null}},"10":{"start":{"line":86,"column":14},"end":{"line":86,"column":null}},"11":{"start":{"line":86,"column":68},"end":{"line":86,"column":71}},"12":{"start":{"line":87,"column":4},"end":{"line":87,"column":null}},"13":{"start":{"line":88,"column":4},"end":{"line":90,"column":null}},"14":{"start":{"line":89,"column":6},"end":{"line":89,"column":null}},"15":{"start":{"line":91,"column":4},"end":{"line":93,"column":null}},"16":{"start":{"line":92,"column":6},"end":{"line":92,"column":null}},"17":{"start":{"line":94,"column":4},"end":{"line":94,"column":null}},"18":{"start":{"line":95,"column":4},"end":{"line":101,"column":null}},"19":{"start":{"line":96,"column":18},"end":{"line":96,"column":null}},"20":{"start":{"line":97,"column":6},"end":{"line":100,"column":null}},"21":{"start":{"line":106,"column":29},"end":{"line":106,"column":null}},"22":{"start":{"line":107,"column":26},"end":{"line":107,"column":null}},"23":{"start":{"line":108,"column":18},"end":{"line":108,"column":null}},"24":{"start":{"line":109,"column":21},"end":{"line":109,"column":null}},"25":{"start":{"line":111,"column":16},"end":{"line":111,"column":null}},"26":{"start":{"line":113,"column":8},"end":{"line":147,"column":null}},"27":{"start":{"line":114,"column":33},"end":{"line":117,"column":null}},"28":{"start":{"line":119,"column":19},"end":{"line":119,"column":null}},"29":{"start":{"line":120,"column":19},"end":{"line":120,"column":null}},"30":{"start":{"line":122,"column":30},"end":{"line":127,"column":null}},"31":{"start":{"line":122,"column":49},"end":{"line":127,"column":6}},"32":{"start":{"line":129,"column":30},"end":{"line":142,"column":null}},"33":{"start":{"line":130,"column":18},"end":{"line":130,"column":null}},"34":{"start":{"line":131,"column":6},"end":{"line":141,"column":null}},"35":{"start":{"line":144,"column":4},"end":{"line":144,"column":null}},"36":{"start":{"line":145,"column":4},"end":{"line":145,"column":null}},"37":{"start":{"line":146,"column":4},"end":{"line":146,"column":null}},"38":{"start":{"line":149,"column":2},"end":{"line":151,"column":null}},"39":{"start":{"line":150,"column":4},"end":{"line":150,"column":null}},"40":{"start":{"line":153,"column":2},"end":{"line":160,"column":null}},"41":{"start":{"line":154,"column":4},"end":{"line":158,"column":null}},"42":{"start":{"line":162,"column":2},"end":{"line":202,"column":null}},"43":{"start":{"line":170,"column":27},"end":{"line":170,"column":null}}},"fnMap":{"0":{"name":"KnowledgeNodeComponent","decl":{"start":{"line":49,"column":9},"end":{"line":49,"column":32}},"loc":{"start":{"line":49,"column":89},"end":{"line":75,"column":null}},"line":49},"1":{"name":"useDagreLayout","decl":{"start":{"line":79,"column":9},"end":{"line":79,"column":null}},"loc":{"start":{"line":83,"column":12},"end":{"line":103,"column":null}},"line":83},"2":{"name":"(anonymous_2)","decl":{"start":{"line":84,"column":9},"end":{"line":84,"column":23}},"loc":{"start":{"line":84,"column":23},"end":{"line":102,"column":5}},"line":84},"3":{"name":"(anonymous_3)","decl":{"start":{"line":86,"column":41},"end":{"line":86,"column":68}},"loc":{"start":{"line":86,"column":68},"end":{"line":86,"column":71}},"line":86},"4":{"name":"(anonymous_4)","decl":{"start":{"line":95,"column":17},"end":{"line":95,"column":22}},"loc":{"start":{"line":95,"column":31},"end":{"line":101,"column":5}},"line":95},"5":{"name":"KnowledgeGraphPage","decl":{"start":{"line":105,"column":24},"end":{"line":105,"column":45}},"loc":{"start":{"line":105,"column":45},"end":{"line":204,"column":null}},"line":105},"6":{"name":"(anonymous_6)","decl":{"start":{"line":113,"column":31},"end":{"line":113,"column":43}},"loc":{"start":{"line":113,"column":43},"end":{"line":147,"column":5}},"line":113},"7":{"name":"(anonymous_7)","decl":{"start":{"line":122,"column":37},"end":{"line":122,"column":42}},"loc":{"start":{"line":122,"column":49},"end":{"line":127,"column":6}},"line":122},"8":{"name":"(anonymous_8)","decl":{"start":{"line":129,"column":37},"end":{"line":129,"column":42}},"loc":{"start":{"line":129,"column":48},"end":{"line":142,"column":5}},"line":129},"9":{"name":"(anonymous_9)","decl":{"start":{"line":149,"column":2},"end":{"line":149,"column":18}},"loc":{"start":{"line":149,"column":18},"end":{"line":151,"column":5}},"line":149},"10":{"name":"(anonymous_10)","decl":{"start":{"line":170,"column":12},"end":{"line":170,"column":27}},"loc":{"start":{"line":170,"column":27},"end":{"line":170,"column":null}},"line":170}},"branchMap":{"0":{"loc":{"start":{"line":50,"column":17},"end":{"line":50,"column":null}},"type":"binary-expr","locations":[{"start":{"line":50,"column":17},"end":{"line":50,"column":50}},{"start":{"line":50,"column":50},"end":{"line":50,"column":null}}],"line":50},"1":{"loc":{"start":{"line":67,"column":7},"end":{"line":70,"column":null}},"type":"binary-expr","locations":[{"start":{"line":67,"column":7},"end":{"line":67,"column":null}},{"start":{"line":68,"column":8},"end":{"line":70,"column":null}}],"line":67},"2":{"loc":{"start":{"line":85,"column":4},"end":{"line":85,"column":null}},"type":"if","locations":[{"start":{"line":85,"column":4},"end":{"line":85,"column":null}},{"start":{},"end":{}}],"line":85},"3":{"loc":{"start":{"line":85,"column":8},"end":{"line":85,"column":40}},"type":"binary-expr","locations":[{"start":{"line":85,"column":8},"end":{"line":85,"column":20}},{"start":{"line":85,"column":20},"end":{"line":85,"column":40}}],"line":85},"4":{"loc":{"start":{"line":126,"column":40},"end":{"line":126,"column":57}},"type":"binary-expr","locations":[{"start":{"line":126,"column":40},"end":{"line":126,"column":54}},{"start":{"line":126,"column":54},"end":{"line":126,"column":57}}],"line":126},"5":{"loc":{"start":{"line":130,"column":18},"end":{"line":130,"column":null}},"type":"binary-expr","locations":[{"start":{"line":130,"column":18},"end":{"line":130,"column":40}},{"start":{"line":130,"column":40},"end":{"line":130,"column":null}}],"line":130},"6":{"loc":{"start":{"line":153,"column":2},"end":{"line":160,"column":null}},"type":"if","locations":[{"start":{"line":153,"column":2},"end":{"line":160,"column":null}},{"start":{},"end":{}}],"line":153},"7":{"loc":{"start":{"line":168,"column":21},"end":{"line":168,"column":null}},"type":"cond-expr","locations":[{"start":{"line":168,"column":34},"end":{"line":168,"column":46}},{"start":{"line":168,"column":46},"end":{"line":168,"column":null}}],"line":168},"8":{"loc":{"start":{"line":172,"column":13},"end":{"line":172,"column":null}},"type":"cond-expr","locations":[{"start":{"line":172,"column":26},"end":{"line":172,"column":46}},{"start":{"line":172,"column":46},"end":{"line":172,"column":null}}],"line":172}},"s":{"0":0,"1":0,"2":0,"3":0,"4":0,"5":0,"6":0,"7":0,"8":0,"9":0,"10":0,"11":0,"12":0,"13":0,"14":0,"15":0,"16":0,"17":0,"18":0,"19":0,"20":0,"21":0,"22":0,"23":0,"24":0,"25":0,"26":0,"27":0,"28":0,"29":0,"30":0,"31":0,"32":0,"33":0,"34":0,"35":0,"36":0,"37":0,"38":0,"39":0,"40":0,"41":0,"42":0,"43":0},"f":{"0":0,"1":0,"2":0,"3":0,"4":0,"5":0,"6":0,"7":0,"8":0,"9":0,"10":0},"b":{"0":[0,0],"1":[0,0],"2":[0,0],"3":[0,0],"4":[0,0],"5":[0,0],"6":[0,0],"7":[0,0],"8":[0,0]},"meta":{"lastBranch":9,"lastFunction":11,"lastStatement":44,"seen":{"s:1:0:1:Infinity":0,"s:34:85:40:Infinity":1,"s:41:24:41:Infinity":2,"s:43:89:47:Infinity":3,"f:49:9:49:32":0,"s:50:17:50:Infinity":4,"b:50:17:50:50:50:50:50:Infinity":0,"s:51:2:73:Infinity":5,"b:67:7:67:Infinity:68:8:70:Infinity":1,"s:77:18:77:Infinity":6,"f:79:9:79:Infinity":1,"s:84:2:102:Infinity":7,"f:84:9:84:23":2,"b:85:4:85:Infinity:undefined:undefined:undefined:undefined":2,"s:85:4:85:Infinity":8,"b:85:8:85:20:85:20:85:40":3,"s:85:40:85:Infinity":9,"s:86:14:86:Infinity":10,"f:86:41:86:68":3,"s:86:68:86:71":11,"s:87:4:87:Infinity":12,"s:88:4:90:Infinity":13,"s:89:6:89:Infinity":14,"s:91:4:93:Infinity":15,"s:92:6:92:Infinity":16,"s:94:4:94:Infinity":17,"s:95:4:101:Infinity":18,"f:95:17:95:22":4,"s:96:18:96:Infinity":19,"s:97:6:100:Infinity":20,"f:105:24:105:45":5,"s:106:29:106:Infinity":21,"s:107:26:107:Infinity":22,"s:108:18:108:Infinity":23,"s:109:21:109:Infinity":24,"s:111:16:111:Infinity":25,"s:113:8:147:Infinity":26,"f:113:31:113:43":6,"s:114:33:117:Infinity":27,"s:119:19:119:Infinity":28,"s:120:19:120:Infinity":29,"s:122:30:127:Infinity":30,"f:122:37:122:42":7,"s:122:49:127:6":31,"b:126:40:126:54:126:54:126:57":4,"s:129:30:142:Infinity":32,"f:129:37:129:42":8,"s:130:18:130:Infinity":33,"b:130:18:130:40:130:40:130:Infinity":5,"s:131:6:141:Infinity":34,"s:144:4:144:Infinity":35,"s:145:4:145:Infinity":36,"s:146:4:146:Infinity":37,"s:149:2:151:Infinity":38,"f:149:2:149:18":9,"s:150:4:150:Infinity":39,"b:153:2:160:Infinity:undefined:undefined:undefined:undefined":6,"s:153:2:160:Infinity":40,"s:154:4:158:Infinity":41,"s:162:2:202:Infinity":42,"b:168:34:168:46:168:46:168:Infinity":7,"f:170:12:170:27":10,"s:170:27:170:Infinity":43,"b:172:26:172:46:172:46:172:Infinity":8}}}
,"C:\\Users\\user\\Documents\\claude-agents\\maqiu\\src\\app\\knowledge\\new\\page.tsx": {"path":"C:\\Users\\user\\Documents\\claude-agents\\maqiu\\src\\app\\knowledge\\new\\page.tsx","statementMap":{"0":{"start":{"line":1,"column":0},"end":{"line":1,"column":null}},"1":{"start":{"line":11,"column":8},"end":{"line":11,"column":null}},"2":{"start":{"line":12,"column":16},"end":{"line":12,"column":null}},"3":{"start":{"line":13,"column":19},"end":{"line":13,"column":null}},"4":{"start":{"line":14,"column":15},"end":{"line":14,"column":null}},"5":{"start":{"line":15,"column":18},"end":{"line":15,"column":null}},"6":{"start":{"line":16,"column":17},"end":{"line":16,"column":null}},"7":{"start":{"line":19,"column":4},"end":{"line":19,"column":null}},"8":{"start":{"line":20,"column":4},"end":{"line":20,"column":null}},"9":{"start":{"line":20,"column":23},"end":{"line":20,"column":null}},"10":{"start":{"line":21,"column":4},"end":{"line":21,"column":null}},"11":{"start":{"line":22,"column":15},"end":{"line":30,"column":null}},"12":{"start":{"line":28,"column":20},"end":{"line":28,"column":28}},"13":{"start":{"line":31,"column":4},"end":{"line":31,"column":null}},"14":{"start":{"line":34,"column":2},"end":{"line":82,"column":null}},"15":{"start":{"line":42,"column":29},"end":{"line":42,"column":null}},"16":{"start":{"line":51,"column":29},"end":{"line":51,"column":null}},"17":{"start":{"line":59,"column":29},"end":{"line":59,"column":null}},"18":{"start":{"line":67,"column":29},"end":{"line":67,"column":null}},"19":{"start":{"line":77,"column":65},"end":{"line":77,"column":null}}},"fnMap":{"0":{"name":"NewKnowledgePage","decl":{"start":{"line":10,"column":24},"end":{"line":10,"column":43}},"loc":{"start":{"line":10,"column":43},"end":{"line":84,"column":null}},"line":10},"1":{"name":"handleSubmit","decl":{"start":{"line":18,"column":17},"end":{"line":18,"column":30}},"loc":{"start":{"line":18,"column":50},"end":{"line":32,"column":null}},"line":18},"2":{"name":"(anonymous_2)","decl":{"start":{"line":28,"column":9},"end":{"line":28,"column":14}},"loc":{"start":{"line":28,"column":20},"end":{"line":28,"column":28}},"line":28},"3":{"name":"(anonymous_3)","decl":{"start":{"line":42,"column":12},"end":{"line":42,"column":23}},"loc":{"start":{"line":42,"column":29},"end":{"line":42,"column":null}},"line":42},"4":{"name":"(anonymous_4)","decl":{"start":{"line":51,"column":12},"end":{"line":51,"column":23}},"loc":{"start":{"line":51,"column":29},"end":{"line":51,"column":null}},"line":51},"5":{"name":"(anonymous_5)","decl":{"start":{"line":59,"column":12},"end":{"line":59,"column":23}},"loc":{"start":{"line":59,"column":29},"end":{"line":59,"column":null}},"line":59},"6":{"name":"(anonymous_6)","decl":{"start":{"line":67,"column":12},"end":{"line":67,"column":23}},"loc":{"start":{"line":67,"column":29},"end":{"line":67,"column":null}},"line":67},"7":{"name":"(anonymous_7)","decl":{"start":{"line":77,"column":50},"end":{"line":77,"column":65}},"loc":{"start":{"line":77,"column":65},"end":{"line":77,"column":null}},"line":77}},"branchMap":{"0":{"loc":{"start":{"line":20,"column":4},"end":{"line":20,"column":null}},"type":"if","locations":[{"start":{"line":20,"column":4},"end":{"line":20,"column":null}},{"start":{},"end":{}}],"line":20},"1":{"loc":{"start":{"line":75,"column":13},"end":{"line":75,"column":null}},"type":"cond-expr","locations":[{"start":{"line":75,"column":13},"end":{"line":75,"column":50}},{"start":{"line":75,"column":46},"end":{"line":75,"column":null}}],"line":75}},"s":{"0":0,"1":0,"2":0,"3":0,"4":0,"5":0,"6":0,"7":0,"8":0,"9":0,"10":0,"11":0,"12":0,"13":0,"14":0,"15":0,"16":0,"17":0,"18":0,"19":0},"f":{"0":0,"1":0,"2":0,"3":0,"4":0,"5":0,"6":0,"7":0},"b":{"0":[0,0],"1":[0,0]},"meta":{"lastBranch":2,"lastFunction":8,"lastStatement":20,"seen":{"s:1:0:1:Infinity":0,"f:10:24:10:43":0,"s:11:8:11:Infinity":1,"s:12:16:12:Infinity":2,"s:13:19:13:Infinity":3,"s:14:15:14:Infinity":4,"s:15:18:15:Infinity":5,"s:16:17:16:Infinity":6,"f:18:17:18:30":1,"s:19:4:19:Infinity":7,"b:20:4:20:Infinity:undefined:undefined:undefined:undefined":0,"s:20:4:20:Infinity":8,"s:20:23:20:Infinity":9,"s:21:4:21:Infinity":10,"s:22:15:30:Infinity":11,"f:28:9:28:14":2,"s:28:20:28:28":12,"s:31:4:31:Infinity":13,"s:34:2:82:Infinity":14,"f:42:12:42:23":3,"s:42:29:42:Infinity":15,"f:51:12:51:23":4,"s:51:29:51:Infinity":16,"f:59:12:59:23":5,"s:59:29:59:Infinity":17,"f:67:12:67:23":6,"s:67:29:67:Infinity":18,"b:75:13:75:50:75:46:75:Infinity":1,"f:77:50:77:65":7,"s:77:65:77:Infinity":19}}}
,"C:\\Users\\user\\Documents\\claude-agents\\maqiu\\src\\app\\learn\\page.tsx": {"path":"C:\\Users\\user\\Documents\\claude-agents\\maqiu\\src\\app\\learn\\page.tsx","statementMap":{"0":{"start":{"line":1,"column":0},"end":{"line":1,"column":null}},"1":{"start":{"line":38,"column":2},"end":{"line":49,"column":null}},"2":{"start":{"line":40,"column":6},"end":{"line":40,"column":null}},"3":{"start":{"line":42,"column":6},"end":{"line":42,"column":null}},"4":{"start":{"line":44,"column":6},"end":{"line":44,"column":null}},"5":{"start":{"line":46,"column":6},"end":{"line":46,"column":null}},"6":{"start":{"line":48,"column":6},"end":{"line":48,"column":null}},"7":{"start":{"line":52,"column":45},"end":{"line":57,"column":null}},"8":{"start":{"line":60,"column":19},"end":{"line":60,"column":null}},"9":{"start":{"line":61,"column":21},"end":{"line":63,"column":null}},"10":{"start":{"line":64,"column":22},"end":{"line":64,"column":null}},"11":{"start":{"line":65,"column":18},"end":{"line":65,"column":null}},"12":{"start":{"line":67,"column":2},"end":{"line":89,"column":null}},"13":{"start":{"line":69,"column":38},"end":{"line":74,"column":null}},"14":{"start":{"line":76,"column":18},"end":{"line":76,"column":null}},"15":{"start":{"line":77,"column":6},"end":{"line":77,"column":null}},"16":{"start":{"line":77,"column":39},"end":{"line":77,"column":null}},"17":{"start":{"line":78,"column":6},"end":{"line":78,"column":null}},"18":{"start":{"line":80,"column":28},"end":{"line":83,"column":null}},"19":{"start":{"line":80,"column":60},"end":{"line":83,"column":8}},"20":{"start":{"line":84,"column":6},"end":{"line":84,"column":null}},"21":{"start":{"line":85,"column":6},"end":{"line":85,"column":null}},"22":{"start":{"line":86,"column":6},"end":{"line":86,"column":null}},"23":{"start":{"line":88,"column":4},"end":{"line":88,"column":null}},"24":{"start":{"line":91,"column":24},"end":{"line":91,"column":null}},"25":{"start":{"line":91,"column":47},"end":{"line":91,"column":70}},"26":{"start":{"line":92,"column":24},"end":{"line":92,"column":null}},"27":{"start":{"line":92,"column":47},"end":{"line":92,"column":70}},"28":{"start":{"line":94,"column":2},"end":{"line":181,"column":null}},"29":{"start":{"line":130,"column":29},"end":{"line":130,"column":null}},"30":{"start":{"line":131,"column":16},"end":{"line":141,"column":null}},"31":{"start":{"line":157,"column":16},"end":{"line":169,"column":null}}},"fnMap":{"0":{"name":"getStatusLabel","decl":{"start":{"line":37,"column":9},"end":{"line":37,"column":24}},"loc":{"start":{"line":37,"column":48},"end":{"line":50,"column":null}},"line":37},"1":{"name":"LearnPage","decl":{"start":{"line":59,"column":24},"end":{"line":59,"column":36}},"loc":{"start":{"line":59,"column":36},"end":{"line":183,"column":null}},"line":59},"2":{"name":"(anonymous_2)","decl":{"start":{"line":67,"column":2},"end":{"line":67,"column":18}},"loc":{"start":{"line":67,"column":18},"end":{"line":89,"column":5}},"line":67},"3":{"name":"load","decl":{"start":{"line":68,"column":19},"end":{"line":68,"column":26}},"loc":{"start":{"line":68,"column":26},"end":{"line":87,"column":null}},"line":68},"4":{"name":"(anonymous_4)","decl":{"start":{"line":80,"column":48},"end":{"line":80,"column":53}},"loc":{"start":{"line":80,"column":60},"end":{"line":83,"column":8}},"line":80},"5":{"name":"(anonymous_5)","decl":{"start":{"line":91,"column":33},"end":{"line":91,"column":41}},"loc":{"start":{"line":91,"column":47},"end":{"line":91,"column":70}},"line":91},"6":{"name":"(anonymous_6)","decl":{"start":{"line":92,"column":33},"end":{"line":92,"column":41}},"loc":{"start":{"line":92,"column":47},"end":{"line":92,"column":70}},"line":92},"7":{"name":"(anonymous_7)","decl":{"start":{"line":129,"column":27},"end":{"line":129,"column":32}},"loc":{"start":{"line":129,"column":39},"end":{"line":143,"column":15}},"line":129},"8":{"name":"(anonymous_8)","decl":{"start":{"line":156,"column":24},"end":{"line":156,"column":29}},"loc":{"start":{"line":157,"column":16},"end":{"line":169,"column":null}},"line":157}},"branchMap":{"0":{"loc":{"start":{"line":38,"column":2},"end":{"line":49,"column":null}},"type":"switch","locations":[{"start":{"line":39,"column":4},"end":{"line":40,"column":null}},{"start":{"line":41,"column":4},"end":{"line":42,"column":null}},{"start":{"line":43,"column":4},"end":{"line":44,"column":null}},{"start":{"line":45,"column":4},"end":{"line":46,"column":null}},{"start":{"line":47,"column":4},"end":{"line":48,"column":null}}],"line":38},"1":{"loc":{"start":{"line":119,"column":7},"end":{"line":146,"column":null}},"type":"binary-expr","locations":[{"start":{"line":119,"column":7},"end":{"line":119,"column":null}},{"start":{"line":120,"column":8},"end":{"line":146,"column":null}}],"line":119},"2":{"loc":{"start":{"line":137,"column":27},"end":{"line":137,"column":51}},"type":"binary-expr","locations":[{"start":{"line":137,"column":27},"end":{"line":137,"column":42}},{"start":{"line":137,"column":42},"end":{"line":137,"column":51}}],"line":137},"3":{"loc":{"start":{"line":149,"column":7},"end":{"line":173,"column":null}},"type":"binary-expr","locations":[{"start":{"line":149,"column":7},"end":{"line":149,"column":null}},{"start":{"line":150,"column":8},"end":{"line":173,"column":null}}],"line":149},"4":{"loc":{"start":{"line":162,"column":25},"end":{"line":162,"column":57}},"type":"binary-expr","locations":[{"start":{"line":162,"column":25},"end":{"line":162,"column":42}},{"start":{"line":162,"column":42},"end":{"line":162,"column":57}}],"line":162},"5":{"loc":{"start":{"line":176,"column":7},"end":{"line":179,"column":null}},"type":"binary-expr","locations":[{"start":{"line":176,"column":7},"end":{"line":176,"column":null}},{"start":{"line":177,"column":8},"end":{"line":179,"column":null}}],"line":176}},"s":{"0":0,"1":0,"2":0,"3":0,"4":0,"5":0,"6":0,"7":0,"8":0,"9":0,"10":0,"11":0,"12":0,"13":0,"14":0,"15":0,"16":0,"17":0,"18":0,"19":0,"20":0,"21":0,"22":0,"23":0,"24":0,"25":0,"26":0,"27":0,"28":0,"29":0,"30":0,"31":0},"f":{"0":0,"1":0,"2":0,"3":0,"4":0,"5":0,"6":0,"7":0,"8":0},"b":{"0":[0,0,0,0,0],"1":[0,0],"2":[0,0],"3":[0,0],"4":[0,0],"5":[0,0]},"meta":{"lastBranch":6,"lastFunction":9,"lastStatement":32,"seen":{"s:1:0:1:Infinity":0,"f:37:9:37:24":0,"b:39:4:40:Infinity:41:4:42:Infinity:43:4:44:Infinity:45:4:46:Infinity:47:4:48:Infinity":0,"s:38:2:49:Infinity":1,"s:40:6:40:Infinity":2,"s:42:6:42:Infinity":3,"s:44:6:44:Infinity":4,"s:46:6:46:Infinity":5,"s:48:6:48:Infinity":6,"s:52:45:57:Infinity":7,"f:59:24:59:36":1,"s:60:19:60:Infinity":8,"s:61:21:63:Infinity":9,"s:64:22:64:Infinity":10,"s:65:18:65:Infinity":11,"s:67:2:89:Infinity":12,"f:67:2:67:18":2,"f:68:19:68:26":3,"s:69:38:74:Infinity":13,"s:76:18:76:Infinity":14,"s:77:6:77:Infinity":15,"s:77:39:77:Infinity":16,"s:78:6:78:Infinity":17,"s:80:28:83:Infinity":18,"f:80:48:80:53":4,"s:80:60:83:8":19,"s:84:6:84:Infinity":20,"s:85:6:85:Infinity":21,"s:86:6:86:Infinity":22,"s:88:4:88:Infinity":23,"s:91:24:91:Infinity":24,"f:91:33:91:41":5,"s:91:47:91:70":25,"s:92:24:92:Infinity":26,"f:92:33:92:41":6,"s:92:47:92:70":27,"s:94:2:181:Infinity":28,"b:119:7:119:Infinity:120:8:146:Infinity":1,"f:129:27:129:32":7,"s:130:29:130:Infinity":29,"s:131:16:141:Infinity":30,"b:137:27:137:42:137:42:137:51":2,"b:149:7:149:Infinity:150:8:173:Infinity":3,"f:156:24:156:29":8,"s:157:16:169:Infinity":31,"b:162:25:162:42:162:42:162:57":4,"b:176:7:176:Infinity:177:8:179:Infinity":5}}}
,"C:\\Users\\user\\Documents\\claude-agents\\maqiu\\src\\app\\learn\\[id]\\page.tsx": {"path":"C:\\Users\\user\\Documents\\claude-agents\\maqiu\\src\\app\\learn\\[id]\\page.tsx","statementMap":{"0":{"start":{"line":1,"column":0},"end":{"line":1,"column":null}},"1":{"start":{"line":35,"column":2},"end":{"line":46,"column":null}},"2":{"start":{"line":37,"column":6},"end":{"line":37,"column":null}},"3":{"start":{"line":39,"column":6},"end":{"line":39,"column":null}},"4":{"start":{"line":41,"column":6},"end":{"line":41,"column":null}},"5":{"start":{"line":43,"column":6},"end":{"line":43,"column":null}},"6":{"start":{"line":45,"column":6},"end":{"line":45,"column":null}},"7":{"start":{"line":49,"column":45},"end":{"line":54,"column":null}},"8":{"start":{"line":57,"column":8},"end":{"line":57,"column":null}},"9":{"start":{"line":58,"column":8},"end":{"line":58,"column":null}},"10":{"start":{"line":59,"column":13},"end":{"line":59,"column":null}},"11":{"start":{"line":61,"column":15},"end":{"line":61,"column":null}},"12":{"start":{"line":62,"column":19},"end":{"line":62,"column":null}},"13":{"start":{"line":63,"column":19},"end":{"line":63,"column":null}},"14":{"start":{"line":65,"column":2},"end":{"line":75,"column":null}},"15":{"start":{"line":67,"column":16},"end":{"line":67,"column":null}},"16":{"start":{"line":68,"column":6},"end":{"line":68,"column":null}},"17":{"start":{"line":68,"column":13},"end":{"line":68,"column":null}},"18":{"start":{"line":70,"column":14},"end":{"line":70,"column":null}},"19":{"start":{"line":71,"column":6},"end":{"line":71,"column":null}},"20":{"start":{"line":71,"column":14},"end":{"line":71,"column":null}},"21":{"start":{"line":72,"column":6},"end":{"line":72,"column":null}},"22":{"start":{"line":74,"column":4},"end":{"line":74,"column":null}},"23":{"start":{"line":81,"column":4},"end":{"line":81,"column":null}},"24":{"start":{"line":82,"column":20},"end":{"line":82,"column":null}},"25":{"start":{"line":83,"column":4},"end":{"line":83,"column":null}},"26":{"start":{"line":84,"column":4},"end":{"line":84,"column":null}},"27":{"start":{"line":87,"column":2},"end":{"line":89,"column":null}},"28":{"start":{"line":88,"column":4},"end":{"line":88,"column":null}},"29":{"start":{"line":91,"column":2},"end":{"line":158,"column":null}},"30":{"start":{"line":126,"column":27},"end":{"line":126,"column":null}},"31":{"start":{"line":133,"column":27},"end":{"line":133,"column":null}},"32":{"start":{"line":139,"column":27},"end":{"line":139,"column":null}},"33":{"start":{"line":155,"column":45},"end":{"line":155,"column":null}}},"fnMap":{"0":{"name":"getStatusLabel","decl":{"start":{"line":34,"column":9},"end":{"line":34,"column":24}},"loc":{"start":{"line":34,"column":48},"end":{"line":47,"column":null}},"line":34},"1":{"name":"LearnDetailPage","decl":{"start":{"line":56,"column":24},"end":{"line":56,"column":42}},"loc":{"start":{"line":56,"column":42},"end":{"line":160,"column":null}},"line":56},"2":{"name":"(anonymous_2)","decl":{"start":{"line":65,"column":2},"end":{"line":65,"column":18}},"loc":{"start":{"line":65,"column":18},"end":{"line":75,"column":5}},"line":65},"3":{"name":"load","decl":{"start":{"line":66,"column":19},"end":{"line":66,"column":26}},"loc":{"start":{"line":66,"column":26},"end":{"line":73,"column":null}},"line":66},"4":{"name":"handleUpdateStatus","decl":{"start":{"line":77,"column":17},"end":{"line":77,"column":null}},"loc":{"start":{"line":80,"column":4},"end":{"line":85,"column":null}},"line":80},"5":{"name":"(anonymous_5)","decl":{"start":{"line":126,"column":12},"end":{"line":126,"column":27}},"loc":{"start":{"line":126,"column":27},"end":{"line":126,"column":null}},"line":126},"6":{"name":"(anonymous_6)","decl":{"start":{"line":133,"column":12},"end":{"line":133,"column":27}},"loc":{"start":{"line":133,"column":27},"end":{"line":133,"column":null}},"line":133},"7":{"name":"(anonymous_7)","decl":{"start":{"line":139,"column":12},"end":{"line":139,"column":27}},"loc":{"start":{"line":139,"column":27},"end":{"line":139,"column":null}},"line":139},"8":{"name":"(anonymous_8)","decl":{"start":{"line":155,"column":30},"end":{"line":155,"column":45}},"loc":{"start":{"line":155,"column":45},"end":{"line":155,"column":null}},"line":155}},"branchMap":{"0":{"loc":{"start":{"line":
[...]
,"C:\\Users\\user\\Documents\\claude-agents\\maqiu\\src\\server\\learn.ts": {"path":"C:\\Users\\user\\Documents\\claude-agents\\maqiu\\src\\server\\learn.ts","statementMap":{"0":{"start":{"line":1,"column":0},"end":{"line":1,"column":null}},"1":{"start":{"line":19,"column":15},"end":{"line":22,"column":null}},"2":{"start":{"line":23,"column":2},"end":{"line":23,"column":null}},"3":{"start":{"line":27,"column":2},"end":{"line":27,"column":null}},"4":{"start":{"line":31,"column":19},"end":{"line":31,"column":null}},"5":{"start":{"line":32,"column":2},"end":{"line":32,"column":null}},"6":{"start":{"line":32,"column":16},"end":{"line":32,"column":null}},"7":{"start":{"line":33,"column":13},"end":{"line":33,"column":null}},"8":{"start":{"line":34,"column":2},"end":{"line":39,"column":null}},"9":{"start":{"line":40,"column":2},"end":{"line":40,"column":null}},"10":{"start":{"line":50,"column":19},"end":{"line":50,"column":null}},"11":{"start":{"line":51,"column":14},"end":{"line":51,"column":null}},"12":{"start":{"line":53,"column":2},"end":{"line":81,"column":null}},"13":{"start":{"line":54,"column":15},"end":{"line":54,"column":null}},"14":{"start":{"line":55,"column":4},"end":{"line":64,"column":null}},"15":{"start":{"line":67,"column":6},"end":{"line":67,"column":null}},"16":{"start":{"line":68,"column":4},"end":{"line":80,"column":null}},"17":{"start":{"line":82,"column":2},"end":{"line":82,"column":null}},"18":{"start":{"line":89,"column":2},"end":{"line":96,"column":null}},"19":{"start":{"line":91,"column":22},"end":{"line":91,"column":null}},"20":{"start":{"line":92,"column":17},"end":{"line":92,"column":null}},"21":{"start":{"line":93,"column":17},"end":{"line":93,"column":null}},"22":{"start":{"line":94,"column":4},"end":{"line":94,"column":null}},"23":{"start":{"line":95,"column":4},"end":{"line":95,"column":null}},"24":{"start":{"line":97,"column":2},"end":{"line":101,"column":null}},"25":{"start":{"line":98,"column":17},"end":{"line":98,"column":null}},"26":{"start":{"line":99,"column":4},"end":{"line":99,"column":null}},"27":{"start":{"line":100,"column":4},"end":{"line":100,"column":null}},"28":{"start":{"line":102,"column":2},"end":{"line":102,"column":null}},"29":{"start":{"line":106,"column":14},"end":{"line":106,"column":null}},"30":{"start":{"line":107,"column":2},"end":{"line":119,"column":null}},"31":{"start":{"line":124,"column":19},"end":{"line":124,"column":null}},"32":{"start":{"line":125,"column":22},"end":{"line":125,"column":null}},"33":{"start":{"line":126,"column":19},"end":{"line":126,"column":null}},"34":{"start":{"line":128,"column":22},"end":{"line":128,"column":null}},"35":{"start":{"line":128,"column":53},"end":{"line":128,"column":73}},"36":{"start":{"line":129,"column":28},"end":{"line":129,"column":null}},"37":{"start":{"line":129,"column":51},"end":{"line":129,"column":76}},"38":{"start":{"line":131,"column":32},"end":{"line":131,"column":null}},"39":{"start":{"line":133,"column":2},"end":{"line":149,"column":null}},"40":{"start":{"line":134,"column":19},"end":{"line":134,"column":null}},"41":{"start":{"line":135,"column":4},"end":{"line":135,"column":null}},"42":{"start":{"line":135,"column":44},"end":{"line":135,"column":null}},"43":{"start":{"line":138,"column":20},"end":{"line":140,"column":null}},"44":{"start":{"line":139,"column":21},"end":{"line":139,"column":43}},"45":{"start":{"line":140,"column":18},"end":{"line":140,"column":28}},"46":{"start":{"line":142,"column":31},"end":{"line":144,"column":null}},"47":{"start":{"line":143,"column":15},"end":{"line":143,"column":null}},"48":{"start":{"line":146,"column":4},"end":{"line":148,"column":null}},"49":{"start":{"line":147,"column":6},"end":{"line":147,"column":null}},"50":{"start":{"line":151,"column":2},"end":{"line":151,"column":null}}},"fnMap":{"0":{"name":"getProgress","decl":{"start":{"line":18,"column":22},"end":{"line":18,"column":34}},"loc":{"start":{"line":18,"column":50},"end":{"line":24,"column":null}},"line":18},"1":{"name":"getAllProgress","decl":{"start":{"line":26,"column":22},"end":{"line":26,"column":39}},"loc":{"start":{"line":26,"column":39},"end":{"line":28,"column":null}},"line":26},"2":{"name":"initProgress","decl":{"start":{"line":30,"column":22},"end":{"line":30,"column":35}},"loc":{"start":{"line":30,"column":51},"end":{"line":41,"column":null}},"line":30},"3":{"name":"updateProgress","decl":{"start":{"line":43,"column":22},"end":{"line":43,"column":null}},"loc":{"start":{"line":49,"column":2},"end":{"line":83,"column":null}},"line":49},"4":{"name":"calculateNextReview","decl":{"start":{"line":85,"column":9},"end":{"line":85,"column":null}},"loc":{"start":{"line":88,"column":15},"end":{"line":103,"column":null}},"line":88},"5":{"name":"getDueReviews","decl":{"start":{"line":105,"column":22},"end":{"line":105,"column":38}},"loc":{"start":{"line":105,"column":38},"end":{"line":120,"column":null}},"line":105},"6":{"name":"getRecommendedNext","decl":{"start":{"line":122,"column":22},"end":{"line":122,"column":43}},"loc":{"start":{"line":122,"column":43},"end":{"line":152,"column":null}},"line":122},"7":{"name":"(anonymous_7)","decl":{"start":{"line":128,"column":42},"end":{"line":128,"column":47}},"loc":{"start":{"line":128,"column":53},"end":{"line":128,"column":73}},"line":128},"8":{"name":"(anonymous_8)","decl":{"start":{"line":129,"column":37},"end":{"line":129,"column":45}},"loc":{"start":{"line":129,"column":51},"end":{"line":129,"column":76}},"line":129},"9":{"name":"(anonymous_9)","decl":{"start":{"line":139,"column":7},"end":{"line":139,"column":15}},"loc":{"start":{"line":139,"column":21},"end":{"line":139,"column":43}},"line":139},"10":{"name":"(anonymous_10)","decl":{"start":{"line":140,"column":7},"end":{"line":140,"column":12}},"loc":{"start":{"line":140,"column":18},"end":{"line":140,"column":28}},"line":140},"11":{"name":"(anonymous_11)","decl":{"start":{"line":142,"column":39},"end":{"line":142,"column":null}},"loc":{"start":{"line":143,"column":15},"end":{"line":143,"column":null}},"line":143}},"branchMap":{"0":{"loc":{"start":{"line":23,"column":9},"end":{"line":23,"column":null}},"type":"binary-expr","locations":[{"start":{"line":23,"column":9},"end":{"line":23,"column":20}},{"start":{"line":23,"column":20},"end":{"line":23,"column":null}}],"line":23},"1":{"loc":{"start":{"line":32,"column":2},"end":{"line":32,"column":null}},"type":"if","locations":[{"start":{"line":32,"column":2},"end":{"line":32,"column":null}},{"start":{},"end":{}}],"line":32},"2":{"loc":{"start":{"line":53,"column":2},"end":{"line":81,"column":null}},"type":"if","locations":[{"start":{"line":53,"column":2},"end":{"line":81,"column":null}},{"start":{"line":65,"column":9},"end":{"line":81,"column":null}}],"line":53},"3":{"loc":{"start":{"line":58,"column":14},"end":{"line":58,"column":null}},"type":"binary-expr","locations":[{"start":{"line":58,"column":14},"end":{"line":58,"column":29}},{"start":{"line":58,"column":29},"end":{"line":58,"column":null}}],"line":58},"4":{"loc":{"start":{"line":59,"column":13},"end":{"line":59,"column":null}},"type":"binary-expr","locations":[{"start":{"line":59,"column":13},"end":{"line":59,"column":27}},{"start":{"line":59,"column":27},"end":{"line":59,"column":null}}],"line":59},"5":{"loc":{"start":{"line":62,"column":40},"end":{"line":62,"column":70}},"type":"binary-expr","locations":[{"start":{"line":62,"column":40},"end":{"line":62,"column":55}},{"start":{"line":62,"column":55},"end":{"line":62,"column":70}}],"line":62},"6":{"loc":{"start":{"line":67,"column":30},"end":{"line":67,"column":null}},"type":"cond-expr","locations":[{"start":{"line":67,"column":59},"end":{"line":67,"column":63}},{"start":{"line":67,"column":63},"end":{"line":67,"column":null}}],"line":67},"7":{"loc":{"start":{"line":71,"column":16},"end":{"line":71,"column":null}},"type":"binary-expr","locations":[{"start":{"line":71,"column":16},"end":{"line":71,"column":31}},{"start":{"line":71,"column":31},"end":{"line":71,"column":null}}],"line":71},"8":{"loc":{"start":{"line":72,"column":15},"end":{"line":72,"column":null}},"type":"binary-expr","locations":[{"start":{"line":72,"column":15},"end":{"line":72,"column":29}},{"start":{"line":72,"column":29},"end":{"line":72,"column":null}}],"line":72},"9":{"loc":{"start":{"line":76,"column":10},"end":{"line":76,"column":null}},"type":"binary-expr","locations":[{"start":{"line":76,"column":10},"end":{"line":76,"column":25}},{"start":{"line":76,"column":25},"end":{"line":76,"column":null}}],"line":76},"10":{"loc":{"start":{"line":89,"column":2},"end":{"line":96,"column":null}},"type":"if","locations":[{"start":{"line":89,"column":2},"end":{"line":96,"column":null}},{"start":{},"end":{}}],"line":89},"11":{"loc":{"start":{"line":97,"column":2},"end":{"line":101,"column":null}},"type":"if","locations":[{"start":{"line":97,"column":2},"end":{"line":101,"column":null}},{"start":{},"end":{}}],"line":97},"12":{"loc":{"start":{"line":135,"column":4},"end":{"line":135,"column":null}},"type":"if","locations":[{"start":{"line":135,"column":4},"end":{"line":135,"column":null}},{"start":{},"end":{}}],"line":135},"13":{"loc":{"start":{"line":135,"column":8},"end":{"line":135,"column":44}},"type":"binary-expr","locations":[{"start":{"line":135,"column":8},"end":{"line":135,"column":18}},{"start":{"line":135,"column":18},"end":{"line":135,"column":44}}],"line":135},"14":{"loc":{"start":{"line":146,"column":4},"end":{"line":148,"column":null}},"type":"if","locations":[{"start":{"line":146,"column":4},"end":{"line":148,"column":null}},{"start":{},"end":{}}],"line":146}},"s":{"0":1,"1":133,"2":133,"3":0,"4":32,"5":32,"6":1,"7":31,"8":31,"9":30,"10":30,"11":30,"12":30,"13":0,"14":0,"15":30,"16":30,"17":30,"18":30,"19":21,"20":21,"21":21,"22":21,"23":21,"24":9,"25":3,"26":3,"27":3,"28":6,"29":5,"30":5,"31":9,"32":9,"33":9,"34":9,"35":8,"36":9,"37":7,"38":9,"39":9,"40":18,"41":18,"42":7,"43":11,"44":8,"45":6,"46":11,"47":6,"48":11,"49":9,"50":9},"f":{"0":133,"1":0,"2":32,"3":30,"4":30,"5":5,"6":9,"7":8,"8":7,"9":8,"10":6,"11":6},"b":{"0":[133,36],"1":[1,31],"2":[0,30],"3":[0,0],"4":[0,0],"5":[0,0],"6":[21,9],"7":[30,0],"8":[30,27],"9":[30,0],"10":[21,9],"11":[3,6],"12":[7,11],"13":[18,8],"14":[9,2]},"meta":{"lastBranch":15,"lastFunction":12,"lastStatement":51,"seen":{"s:1:0:1:Infinity":0,"f:18:22:18:34":0,"s:19:15:22:Infinity":1,"s:23:2:23:Infinity":2,"b:23:9:23:20:23:20:23:Infinity":0,"f:26:22:26:39":1,"s:27:2:27:Infinity":3,"f:30:22:30:35":2,"s:31:19:31:Infinity":4,"b:32:2:32:Infinity:undefined:undefined:undefined:undefined":1,"s:32:2:32:Infinity":5,"s:32:16:32:Infinity":6,"s:33:13:33:Infinity":7,"s:34:2:39:Infinity":8,"s:40:2:40:Infinity":9,"f:43:22:43:Infinity":3,"s:50:19:50:Infinity":10,"s:51:14:51:Infinity":11,"b:53:2:81:Infinity:65:9:81:Infinity":2,"s:53:2:81:Infinity":12,"s:54:15:54:Infinity":13,"s:55:4:64:Infinity":14,"b:58:14:58:29:58:29:58:Infinity":3,"b:59:13:59:27:59:27:59:Infinity":4,"b:62:40:62:55:62:55:62:70":5,"s:67:6:67:Infinity":15,"b:67:59:67:63:67:63:67:Infinity":6,"s:68:4:80:Infinity":16,"b:71:16:71:31:71:31:71:Infinity":7,"b:72:15:72:29:72:29:72:Infinity":8,"b:76:10:76:25:76:25:76:Infinity":9,"s:82:2:82:Infinity":17,"f:85:9:85:Infinity":4,"b:89:2:96:Infinity:undefined:undefined:undefined:undefined":10,"s:89:2:96:Infinity":18,"s:91:22:91:Infinity":19,"s:92:17:92:Infinity":20,"s:93:17:93:Infinity":21,"s:94:4:94:Infinity":22,"s:95:4:95:Infinity":23,"b:97:2:101:Infinity:undefined:undefined:undefined:undefined":11,"s:97:2:101:Infinity":24,"s:98:17:98:Infinity":25,"s:99:4:99:Infinity":26,"s:100:4:100:Infinity":27,"s:102:2:102:Infinity":28,"f:105:22:105:38":5,"s:106:14:106:Infinity":29,"s:107:2:119:Infinity":30,"f:122:22:122:43":6,"s:124:19:124:Infinity":31,"s:125:22:125:Infinity":32,"s:126:19:126:Infinity":33,"s:128:22:128:Infinity":34,"f:128:42:128:47":7,"s:128:53:128:73":35,"s:129:28:129:Infinity":36,"f:129:37:129:45":8,"s:129:51:129:76":37,"s:131:32:131:Infinity":38,"s:133:2:149:Infinity":39,"s:134:19:134:Infinity":40,"b:135:4:135:Infinity:undefined:undefined:undefined:undefined":12,"s:135:4:135:Infinity":41,"b:135:8:135:18:135:18:135:44":13,"s:135:44:135:Infinity":42,"s:138:20:140:Infinity":43,"f:139:7:139:15":9,"s:139:21:139:43":44,"f:140:7:140:12":10,"s:140:18:140:28":45,"s:142:31:144:Infinity":46,"f:142:39:142:Infinity":11,"s:143:15:143:Infinity":47,"b:146:4:148:Infinity:undefined:undefined:undefined:undefined":14,"s:146:4:148:Infinity":48,"s:147:6:147:Infinity":49,"s:151:2:151:Infinity":50}}}
,"C:\\Users\\user\\Documents\\claude-agents\\maqiu\\src\\server\\mcp-manage.ts": {"path":"C:\\Users\\user\\Documents\\claude-agents\\maqiu\\src\\server\\mcp-manage.ts","statementMap":{"0":{"start":{"line":1,"column":0},"end":{"line":1,"column":null}},"1":{"start":{"line":7,"column":14},"end":{"line":11,"column":null}},"2":{"start":{"line":14,"column":2},"end":{"line":18,"column":null}},"3":{"start":{"line":22,"column":2},"end":{"line":24,"column":null}},"4":{"start":{"line":23,"column":4},"end":{"line":23,"column":null}},"5":{"start":{"line":26,"column":20},"end":{"line":26,"column":null}},"6":{"start":{"line":27,"column":15},"end":{"line":27,"column":null}},"7":{"start":{"line":29,"column":21},"end":{"line":29,"column":null}},"8":{"start":{"line":33,"column":15},"end":{"line":37,"column":null}},"9":{"start":{"line":39,"column":2},"end":{"line":39,"column":null}},"10":{"start":{"line":40,"column":2},"end":{"line":40,"column":null}},"11":{"start":{"line":41,"column":2},"end":{"line":41,"column":null}},"12":{"start":{"line":43,"column":2},"end":{"line":45,"column":null}},"13":{"start":{"line":44,"column":4},"end":{"line":44,"column":null}},"14":{"start":{"line":47,"column":2},"end":{"line":49,"column":null}},"15":{"start":{"line":48,"column":4},"end":{"line":48,"column":null}},"16":{"start":{"line":51,"column":2},"end":{"line":55,"column":null}},"17":{"start":{"line":52,"column":4},"end":{"line":52,"column":null}},"18":{"start":{"line":53,"column":4},"end":{"line":53,"column":null}},"19":{"start":{"line":54,"column":4},"end":{"line":54,"column":null}},"20":{"start":{"line":57,"column":2},"end":{"line":61,"column":null}},"21":{"start":{"line":58,"column":4},"end":{"line":58,"column":null}},"22":{"start":{"line":59,"column":4},"end":{"line":59,"column":null}},"23":{"start":{"line":60,"column":4},"end":{"line":60,"column":null}},"24":{"start":{"line":63,"column":2},"end":{"line":63,"column":null}},"25":{"start":{"line":67,"column":2},"end":{"line":69,"column":null}},"26":{"start":{"line":68,"column":4},"end":{"line":68,"column":null}},"27":{"start":{"line":71,"column":2},"end":{"line":71,"column":null}},"28":{"start":{"line":72,"column":2},"end":{"line":72,"column":null}},"29":{"start":{"line":73,"column":2},"end":{"line":73,"column":null}},"30":{"start":{"line":74,"column":2},"end":{"line":74,"column":null}},"31":{"start":{"line":76,"column":2},"end":{"line":76,"column":null}},"32":{"start":{"line":80,"column":8},"end":{"line":80,"column":null}},"33":{"start":{"line":81,"column":8},"end":{"line":81,"column":null}},"34":{"start":{"line":83,"column":2},"end":{"line":83,"column":null}}},"fnMap":{"0":{"name":"getMcpStatus","decl":{"start":{"line":13,"column":22},"end":{"line":13,"column":37}},"loc":{"start":{"line":13,"column":37},"end":{"line":19,"column":null}},"line":13},"1":{"name":"startMcp","decl":{"start":{"line":21,"column":22},"end":{"line":21,"column":33}},"loc":{"start":{"line":21,"column":33},"end":{"line":64,"column":null}},"line":21},"2":{"name":"(anonymous_2)","decl":{"start":{"line":43,"column":18},"end":{"line":43,"column":27}},"loc":{"start":{"line":43,"column":44},"end":{"line":45,"column":3}},"line":43},"3":{"name":"(anonymous_3)","decl":{"start":{"line":47,"column":18},"end":{"line":47,"column":27}},"loc":{"start":{"line":47,"column":44},"end":{"line":49,"column":3}},"line":47},"4":{"name":"(anonymous_4)","decl":{"start":{"line":51,"column":10},"end":{"line":51,"column":20}},"loc":{"start":{"line":51,"column":37},"end":{"line":55,"column":3}},"line":51},"5":{"name":"(anonymous_5)","decl":{"start":{"line":57,"column":10},"end":{"line":57,"column":20}},"loc":{"start":{"line":57,"column":35},"end":{"line":61,"column":3}},"line":57},"6":{"name":"stopMcp","decl":{"start":{"line":66,"column":22},"end":{"line":66,"column":32}},"loc":{"start":{"line":66,"column":32},"end":{"line":77,"column":null}},"line":66},"7":{"name":"getMcpStats","decl":{"start":{"line":79,"column":22},"end":{"line":79,"column":36}},"loc":{"start":{"line":79,"column":36},"end":{"line":84,"column":null}},"line":79}},"branchMap":{"0":{"loc":{"start":{"line":17,"column":9},"end":{"line":17,"column":null}},"type":"binary-expr","locations":[{"start":{"line":17,"column":9},"end":{"line":17,"column":31}},{"start":{"line":17,"column":31},"end":{"line":17,"column":null}}],"line":17},"1":{"loc":{"start":{"line":22,"column":2},"end":{"line":24,"column":null}},"type":"if","locations":[{"start":{"line":22,"column":2},"end":{"line":24,"column":null}},{"start":{},"end":{}}],"line":22},"2":{"loc":{"start":{"line":67,"column":2},"end":{"line":69,"column":null}},"type":"if","locations":[{"start":{"line":67,"column":2},"end":{"line":69,"column":null}},{"start":{},"end":{}}],"line":67},"3":{"loc":{"start":{"line":67,"column":6},"end":{"line":67,"column":52}},"type":"binary-expr","locations":[{"start":{"line":67,"column":6},"end":{"line":67,"column":36}},{"start":{"line":67,"column":36},"end":{"line":67,"column":52}}],"line":67}},"s":{"0":1,"1":1,"2":6,"3":10,"4":1,"5":9,"6":9,"7":9,"8":9,"9":9,"10":9,"11":9,"12":9,"13":0,"14":10,"15":0,"16":10,"17":8,"18":8,"19":8,"20":10,"21":0,"22":0,"23":0,"24":10,"25":16,"26":8,"27":8,"28":8,"29":8,"30":8,"31":8,"32":3,"33":3,"34":3},"f":{"0":6,"1":10,"2":0,"3":0,"4":8,"5":0,"6":16,"7":3},"b":{"0":[6,4],"1":[1,9],"2":[8,8],"3":[16,8]},"meta":{"lastBranch":4,"lastFunction":8,"lastStatement":35,"seen":{"s:1:0:1:Infinity":0,"s:7:14:11:Infinity":1,"f:13:22:13:37":0,"s:14:2:18:Infinity":2,"b:17:9:17:31:17:31:17:Infinity":0,"f:21:22:21:33":1,"b:22:2:24:Infinity:undefined:undefined:undefined:undefined":1,"s:22:2:24:Infinity":3,"s:23:4:23:Infinity":4,"s:26:20:26:Infinity":5,"s:27:15:27:Infinity":6,"s:29:21:29:Infinity":7,"s:33:15:37:Infinity":8,"s:39:2:39:Infinity":9,"s:40:2:40:Infinity":10,"s:41:2:41:Infinity":11,"s:43:2:45:Infinity":12,"f:43:18:43:27":2,"s:44:4:44:Infinity":13,"s:47:2:49:Infinity":14,"f:47:18:47:27":3,"s:48:4:48:Infinity":15,"s:51:2:55:Infinity":16,"f:51:10:51:20":4,"s:52:4:52:Infinity":17,"s:53:4:53:Infinity":18,"s:54:4:54:Infinity":19,"s:57:2:61:Infinity":20,"f:57:10:57:20":5,"s:58:4:58:Infinity":21,"s:59:4:59:Infinity":22,"s:60:4:60:Infinity":23,"s:63:2:63:Infinity":24,"f:66:22:66:32":6,"b:67:2:69:Infinity:undefined:undefined:undefined:undefined":2,"s:67:2:69:Infinity":25,"b:67:6:67:36:67:36:67:52":3,"s:68:4:68:Infinity":26,"s:71:2:71:Infinity":27,"s:72:2:72:Infinity":28,"s:73:2:73:Infinity":29,"s:74:2:74:Infinity":30,"s:76:2:76:Infinity":31,"f:79:22:79:36":7,"s:80:8:80:Infinity":32,"s:81:8:81:Infinity":33,"s:83:2:83:Infinity":34}}}
}
